2022-01-16 14:00:47,609 - INFO - ----------42.392917,-70.998444,42.242123,-71.185212 starting search.
2022-01-16 14:00:47,610 - INFO - https://www.airbnb.com/s/Boston--MA--United-States/homes?tab_id=home_tab&query=Boston%2C%20MA%2C%20United%20States&place_id=ChIJGzE9DS1l44kRoOhiASS_fHg&ne_lat=42.392917&ne_lng=-70.998444&sw_lat=42.242123&sw_lng=-71.185212
2022-01-16 14:00:57,248 - INFO - Added listing: 45346226
2022-01-16 14:00:57,347 - INFO - Added listing: 53462344
2022-01-16 14:00:57,437 - INFO - Added listing: 45449241
2022-01-16 14:00:57,528 - INFO - Added listing: 48952329
2022-01-16 14:00:57,643 - INFO - Added listing: 45349044
2022-01-16 14:00:57,770 - INFO - Added listing: 19117781
2022-01-16 14:00:57,896 - INFO - Added listing: 52405923
2022-01-16 14:00:58,009 - INFO - Added listing: 19346436
2022-01-16 14:00:58,099 - INFO - 53808064 has no rating
2022-01-16 14:00:58,099 - INFO - Added listing: 53808064
2022-01-16 14:00:58,200 - INFO - Added listing: 52367380
2022-01-16 14:00:58,296 - INFO - Added listing: 12318450
2022-01-16 14:00:58,387 - INFO - Added listing: 20769949
2022-01-16 14:00:58,480 - INFO - Added listing: 36237250
2022-01-16 14:00:58,569 - INFO - Added listing: 43012146
2022-01-16 14:00:58,659 - INFO - Added listing: 13546773
2022-01-16 14:00:58,814 - INFO - 41740613 has no rating
2022-01-16 14:00:58,814 - INFO - Added listing: 41740613
2022-01-16 14:00:58,909 - INFO - Added listing: 53115918
2022-01-16 14:00:59,000 - INFO - Added listing: 52368911
2022-01-16 14:00:59,090 - INFO - Added listing: 18342681
2022-01-16 14:00:59,187 - INFO - Added listing: 33275127
2022-01-16 14:00:59,187 - INFO - Total listings found: 20, Listings added: 20
2022-01-16 14:01:04,833 - INFO - Added listing: 29682500
2022-01-16 14:01:04,914 - INFO - Added listing: 18584891
2022-01-16 14:01:04,990 - INFO - Added listing: 53462366
2022-01-16 14:01:05,072 - INFO - Added listing: 45347651
2022-01-16 14:01:05,153 - INFO - Added listing: 20756502
2022-01-16 14:01:05,230 - INFO - Added listing: 18290558
2022-01-16 14:01:05,307 - INFO - Added listing: 22327139
2022-01-16 14:01:05,364 - INFO - 53933460 has no rating
2022-01-16 14:01:05,365 - INFO - Added listing: 53933460
2022-01-16 14:01:05,442 - INFO - Added listing: 51713992
2022-01-16 14:01:05,522 - INFO - Added listing: 26428050
2022-01-16 14:01:05,599 - INFO - Added listing: 45349148
2022-01-16 14:01:05,680 - INFO - Added listing: 40729475
2022-01-16 14:01:05,758 - INFO - Added listing: 49750659
2022-01-16 14:01:05,836 - INFO - Added listing: 8402408
2022-01-16 14:01:05,919 - INFO - Added listing: 33016886
2022-01-16 14:01:06,003 - INFO - Added listing: 37158199
2022-01-16 14:01:06,081 - INFO - Added listing: 53215621
2022-01-16 14:01:06,135 - INFO - 44477283 has no rating
2022-01-16 14:01:06,135 - INFO - Added listing: 44477283
2022-01-16 14:01:06,190 - INFO - 39818553 has no rating
2022-01-16 14:01:06,190 - INFO - Added listing: 39818553
2022-01-16 14:01:06,288 - INFO - Added listing: 33245746
2022-01-16 14:01:06,288 - INFO - Total listings found: 40, Listings added: 40
2022-01-16 14:01:11,848 - INFO - Added listing: 53123543
2022-01-16 14:01:11,926 - INFO - Added listing: 27505934
2022-01-16 14:01:11,981 - INFO - 51377020 has no rating
2022-01-16 14:01:11,981 - INFO - Added listing: 51377020
2022-01-16 14:01:12,062 - INFO - Added listing: 17974950
2022-01-16 14:01:12,141 - INFO - Added listing: 50175794
2022-01-16 14:01:12,218 - INFO - Added listing: 53615419
2022-01-16 14:01:12,295 - INFO - Added listing: 33390880
2022-01-16 14:01:12,379 - INFO - Added listing: 6089865
2022-01-16 14:01:12,458 - INFO - Added listing: 22327142
2022-01-16 14:01:12,540 - INFO - Added listing: 23523253
2022-01-16 14:01:12,617 - INFO - Added listing: 8516029
2022-01-16 14:01:12,698 - INFO - Added listing: 51743956
2022-01-16 14:01:12,775 - INFO - Added listing: 4568116
2022-01-16 14:01:12,852 - INFO - Added listing: 49024263
2022-01-16 14:01:12,930 - INFO - Added listing: 45786202
2022-01-16 14:01:13,014 - INFO - Added listing: 19346242
2022-01-16 14:01:13,092 - INFO - Added listing: 48730960
2022-01-16 14:01:13,146 - INFO - 48014691 has no rating
2022-01-16 14:01:13,146 - INFO - Added listing: 48014691
2022-01-16 14:01:13,223 - INFO - Added listing: 50878511
2022-01-16 14:01:13,303 - INFO - Added listing: 22267104
2022-01-16 14:01:13,303 - INFO - Total listings found: 60, Listings added: 60
2022-01-16 14:01:18,792 - INFO - Added listing: 50832825
2022-01-16 14:01:18,875 - INFO - Added listing: 6449061
2022-01-16 14:01:18,953 - INFO - Added listing: 21238858
2022-01-16 14:01:19,033 - INFO - Added listing: 916123
2022-01-16 14:01:19,112 - INFO - Added listing: 31362246
2022-01-16 14:01:19,194 - INFO - Added listing: 19911587
2022-01-16 14:01:19,272 - INFO - Added listing: 53105759
2022-01-16 14:01:19,351 - INFO - Added listing: 19140676
2022-01-16 14:01:19,429 - INFO - Added listing: 22327141
2022-01-16 14:01:19,514 - INFO - Added listing: 19243707
2022-01-16 14:01:19,594 - INFO - Added listing: 43833357
2022-01-16 14:01:19,671 - INFO - Added listing: 24944930
2022-01-16 14:01:19,750 - INFO - Added listing: 50898660
2022-01-16 14:01:19,854 - INFO - Added listing: 3510127
2022-01-16 14:01:19,935 - INFO - Added listing: 53481946
2022-01-16 14:01:20,013 - INFO - Added listing: 29034417
2022-01-16 14:01:20,095 - INFO - Added listing: 48093039
2022-01-16 14:01:20,176 - INFO - Added listing: 48975118
2022-01-16 14:01:20,255 - INFO - Added listing: 7614517
2022-01-16 14:01:20,333 - INFO - Added listing: 48730619
2022-01-16 14:01:20,333 - INFO - Total listings found: 80, Listings added: 80
2022-01-16 14:01:25,826 - INFO - Added listing: 48822437
2022-01-16 14:01:25,904 - INFO - Added listing: 26429034
2022-01-16 14:01:25,983 - INFO - Added listing: 51827678
2022-01-16 14:01:26,066 - INFO - Added listing: 30080995
2022-01-16 14:01:26,148 - INFO - Added listing: 50870667
2022-01-16 14:01:26,227 - INFO - Added listing: 33067776
2022-01-16 14:01:26,307 - INFO - Added listing: 36883574
2022-01-16 14:01:26,389 - INFO - Added listing: 53090937
2022-01-16 14:01:26,725 - INFO - Added listing: 48941504
2022-01-16 14:01:26,830 - INFO - Added listing: 24888817
2022-01-16 14:01:26,909 - INFO - Added listing: 45332401
2022-01-16 14:01:26,987 - INFO - Added listing: 20754696
2022-01-16 14:01:27,065 - INFO - Added listing: 34422276
2022-01-16 14:01:27,151 - INFO - Added listing: 29217949
2022-01-16 14:01:27,230 - INFO - Added listing: 51804426
2022-01-16 14:01:27,309 - INFO - Added listing: 22265939
2022-01-16 14:01:27,386 - INFO - Added listing: 49633481
2022-01-16 14:01:27,467 - INFO - Added listing: 49041122
2022-01-16 14:01:27,544 - INFO - Added listing: 16441172
2022-01-16 14:01:27,621 - INFO - Added listing: 815639
2022-01-16 14:01:27,621 - INFO - Total listings found: 100, Listings added: 100
2022-01-16 14:01:33,137 - INFO - Added listing: 46010654
2022-01-16 14:01:33,218 - INFO - Added listing: 32900803
2022-01-16 14:01:33,302 - INFO - Added listing: 34785693
2022-01-16 14:01:33,381 - INFO - Added listing: 29134558
2022-01-16 14:01:33,437 - INFO - 46232976 has no rating
2022-01-16 14:01:33,437 - INFO - Added listing: 46232976
2022-01-16 14:01:33,515 - INFO - Added listing: 26502701
2022-01-16 14:01:33,597 - INFO - Added listing: 50898388
2022-01-16 14:01:33,676 - INFO - Added listing: 45180951
2022-01-16 14:01:33,757 - INFO - Added listing: 52367763
2022-01-16 14:01:33,839 - INFO - Added listing: 26190089
2022-01-16 14:01:33,921 - INFO - Added listing: 15148487
2022-01-16 14:01:33,999 - INFO - Added listing: 1225831
2022-01-16 14:01:34,078 - INFO - Added listing: 13829133
2022-01-16 14:01:34,157 - INFO - Added listing: 20074456
2022-01-16 14:01:34,240 - INFO - Added listing: 38134488
2022-01-16 14:01:34,322 - INFO - Added listing: 51279436
2022-01-16 14:01:34,400 - INFO - Added listing: 22099733
2022-01-16 14:01:34,479 - INFO - Added listing: 49414402
2022-01-16 14:01:34,557 - INFO - Added listing: 33245987
2022-01-16 14:01:34,639 - INFO - Added listing: 31804638
2022-01-16 14:01:34,639 - INFO - Total listings found: 120, Listings added: 120
2022-01-16 14:01:40,129 - INFO - Added listing: 24845439
2022-01-16 14:01:40,221 - INFO - Added listing: 21769647
2022-01-16 14:01:40,292 - INFO - 53625393 has no rating
2022-01-16 14:01:40,293 - INFO - Added listing: 53625393
2022-01-16 14:01:40,373 - INFO - Added listing: 42239298
2022-01-16 14:01:40,452 - INFO - Added listing: 36622810
2022-01-16 14:01:40,535 - INFO - Added listing: 33072598
2022-01-16 14:01:40,614 - INFO - Added listing: 24886707
2022-01-16 14:01:40,695 - INFO - Added listing: 51731513
2022-01-16 14:01:40,774 - INFO - Added listing: 7330494
2022-01-16 14:01:40,860 - INFO - Added listing: 48869229
2022-01-16 14:01:40,939 - INFO - Added listing: 5166870
2022-01-16 14:01:41,019 - INFO - Added listing: 46527422
2022-01-16 14:01:41,099 - INFO - Added listing: 53124097
2022-01-16 14:01:41,182 - INFO - Added listing: 29390698
2022-01-16 14:01:41,262 - INFO - Added listing: 12409042
2022-01-16 14:01:41,346 - INFO - Added listing: 53212625
2022-01-16 14:01:41,426 - INFO - Added listing: 22119086
2022-01-16 14:01:41,509 - INFO - Added listing: 49752174
2022-01-16 14:01:41,589 - INFO - Added listing: 8442940
2022-01-16 14:01:41,668 - INFO - Added listing: 33352473
2022-01-16 14:01:41,668 - INFO - Total listings found: 140, Listings added: 140
2022-01-16 14:01:47,176 - INFO - Added listing: 48788607
2022-01-16 14:01:47,257 - INFO - Added listing: 32723746
2022-01-16 14:01:47,342 - INFO - Added listing: 14142611
2022-01-16 14:01:47,427 - INFO - Added listing: 6489209
2022-01-16 14:01:47,511 - INFO - Added listing: 29806399
2022-01-16 14:01:47,607 - INFO - Added listing: 27992316
2022-01-16 14:01:47,746 - INFO - Added listing: 15342021
2022-01-16 14:01:47,880 - INFO - Added listing: 14026821
2022-01-16 14:01:47,960 - INFO - Added listing: 18330818
2022-01-16 14:01:48,045 - INFO - Added listing: 40561680
2022-01-16 14:01:48,222 - INFO - Added listing: 29739809
2022-01-16 14:01:48,314 - INFO - Added listing: 28952923
2022-01-16 14:01:48,407 - INFO - Added listing: 17655391
2022-01-16 14:01:48,502 - INFO - Added listing: 25796539
2022-01-16 14:01:48,599 - INFO - Added listing: 29664067
2022-01-16 14:01:48,682 - INFO - Added listing: 15806569
2022-01-16 14:01:48,912 - INFO - Added listing: 17652796
2022-01-16 14:01:49,072 - INFO - Added listing: 50898544
2022-01-16 14:01:49,154 - INFO - Added listing: 48282995
2022-01-16 14:01:49,233 - INFO - Added listing: 48601455
2022-01-16 14:01:49,234 - INFO - Total listings found: 160, Listings added: 160
2022-01-16 14:01:54,763 - INFO - Added listing: 197972
2022-01-16 14:01:54,844 - INFO - Added listing: 22118698
2022-01-16 14:01:54,924 - INFO - Added listing: 8105817
2022-01-16 14:01:55,009 - INFO - Added listing: 50175808
2022-01-16 14:01:55,090 - INFO - Added listing: 51256662
2022-01-16 14:01:55,170 - INFO - Added listing: 26502467
2022-01-16 14:01:55,250 - INFO - Added listing: 18342707
2022-01-16 14:01:55,334 - INFO - Added listing: 50197218
2022-01-16 14:01:55,415 - INFO - Added listing: 50461294
2022-01-16 14:01:55,499 - INFO - Added listing: 47907616
2022-01-16 14:01:55,586 - INFO - Added listing: 53358922
2022-01-16 14:01:55,690 - INFO - Added listing: 4090224
2022-01-16 14:01:55,786 - INFO - Added listing: 4813475
2022-01-16 14:01:55,874 - INFO - Added listing: 50631125
2022-01-16 14:01:55,958 - INFO - Added listing: 8082512
2022-01-16 14:01:56,042 - INFO - Added listing: 45144603
2022-01-16 14:01:56,123 - INFO - Added listing: 26418311
2022-01-16 14:01:56,203 - INFO - Added listing: 47890883
2022-01-16 14:01:56,284 - INFO - Added listing: 48364663
2022-01-16 14:01:56,368 - INFO - Added listing: 44522245
2022-01-16 14:01:56,368 - INFO - Total listings found: 180, Listings added: 180
2022-01-16 14:02:01,915 - INFO - Added listing: 48439840
2022-01-16 14:02:01,996 - INFO - Added listing: 15016872
2022-01-16 14:02:02,084 - INFO - Added listing: 33072838
2022-01-16 14:02:02,166 - INFO - Added listing: 33352471
2022-01-16 14:02:02,248 - INFO - Added listing: 51465308
2022-01-16 14:02:02,328 - INFO - Added listing: 53091351
2022-01-16 14:02:02,414 - INFO - Added listing: 26136927
2022-01-16 14:02:02,494 - INFO - Added listing: 281264
2022-01-16 14:02:02,551 - INFO - 52247132 has no rating
2022-01-16 14:02:02,551 - INFO - Added listing: 52247132
2022-01-16 14:02:02,638 - INFO - Added listing: 53260512
2022-01-16 14:02:02,724 - INFO - Added listing: 52367775
2022-01-16 14:02:02,806 - INFO - Added listing: 50341639
2022-01-16 14:02:02,893 - INFO - Added listing: 15125756
2022-01-16 14:02:02,975 - INFO - Added listing: 20785742
2022-01-16 14:02:03,062 - INFO - Added listing: 48748798
2022-01-16 14:02:03,145 - INFO - Added listing: 1732804
2022-01-16 14:02:03,226 - INFO - Added listing: 6882615
2022-01-16 14:02:03,310 - INFO - Added listing: 13294153
2022-01-16 14:02:03,396 - INFO - Added listing: 52516299
2022-01-16 14:02:03,479 - INFO - Added listing: 28561917
2022-01-16 14:02:03,480 - INFO - Total listings found: 200, Listings added: 200
2022-01-16 14:02:08,973 - INFO - Added listing: 36114933
2022-01-16 14:02:09,054 - INFO - Added listing: 19727919
2022-01-16 14:02:09,136 - INFO - Added listing: 15376003
2022-01-16 14:02:09,218 - INFO - Added listing: 14153636
2022-01-16 14:02:09,304 - INFO - Added listing: 29904919
2022-01-16 14:02:09,386 - INFO - Added listing: 50730611
2022-01-16 14:02:09,468 - INFO - Added listing: 48961025
2022-01-16 14:02:09,549 - INFO - Added listing: 51284572
2022-01-16 14:02:09,638 - INFO - Added listing: 13032590
2022-01-16 14:02:09,722 - INFO - Added listing: 48788842
2022-01-16 14:02:09,808 - INFO - Added listing: 49513299
2022-01-16 14:02:09,890 - INFO - Added listing: 51154191
2022-01-16 14:02:09,976 - INFO - Added listing: 22265937
2022-01-16 14:02:10,061 - INFO - Added listing: 2538983
2022-01-16 14:02:10,142 - INFO - Added listing: 46876239
2022-01-16 14:02:10,199 - INFO - 53195495 has no rating
2022-01-16 14:02:10,200 - INFO - Added listing: 53195495
2022-01-16 14:02:10,281 - INFO - Added listing: 1545185
2022-01-16 14:02:10,367 - INFO - Added listing: 20723594
2022-01-16 14:02:10,450 - INFO - Added listing: 20797694
2022-01-16 14:02:10,532 - INFO - Added listing: 45539765
2022-01-16 14:02:10,532 - INFO - Total listings found: 220, Listings added: 220
2022-01-16 14:02:16,041 - INFO - Added listing: 15147053
2022-01-16 14:02:16,133 - INFO - Added listing: 31057539
2022-01-16 14:02:16,235 - INFO - Added listing: 53091743
2022-01-16 14:02:16,318 - INFO - Added listing: 3506058
2022-01-16 14:02:16,401 - INFO - Added listing: 8518237
2022-01-16 14:02:16,483 - INFO - Added listing: 32762186
2022-01-16 14:02:16,568 - INFO - Added listing: 36113606
2022-01-16 14:02:16,653 - INFO - Added listing: 41765021
2022-01-16 14:02:16,742 - INFO - Added listing: 30539659
2022-01-16 14:02:16,831 - INFO - Added listing: 30297660
2022-01-16 14:02:16,920 - INFO - Added listing: 25770647
2022-01-16 14:02:17,017 - INFO - Added listing: 19484144
2022-01-16 14:02:17,119 - INFO - Added listing: 33532025
2022-01-16 14:02:17,215 - INFO - Added listing: 14057466
2022-01-16 14:02:17,302 - INFO - Added listing: 48611199
2022-01-16 14:02:17,385 - INFO - Added listing: 30882003
2022-01-16 14:02:17,468 - INFO - Added listing: 15423085
2022-01-16 14:02:17,553 - INFO - Added listing: 49750350
2022-01-16 14:02:17,804 - INFO - Added listing: 48394518
2022-01-16 14:02:18,022 - INFO - Added listing: 24605964
2022-01-16 14:02:18,022 - INFO - Total listings found: 240, Listings added: 240
2022-01-16 14:02:23,599 - INFO - Added listing: 47907306
2022-01-16 14:02:23,685 - INFO - Added listing: 51303254
2022-01-16 14:02:23,777 - INFO - Added listing: 46672522
2022-01-16 14:02:23,864 - INFO - Added listing: 44340294
2022-01-16 14:02:23,952 - INFO - Added listing: 52532456
2022-01-16 14:02:24,038 - INFO - Added listing: 14943350
2022-01-16 14:02:24,123 - INFO - Added listing: 891661
2022-01-16 14:02:24,205 - INFO - Added listing: 3247833
2022-01-16 14:02:24,346 - INFO - Added listing: 5927267
2022-01-16 14:02:24,567 - INFO - Added listing: 24992422
2022-01-16 14:02:24,770 - INFO - Added listing: 18876533
2022-01-16 14:02:24,874 - INFO - Added listing: 15930566
2022-01-16 14:02:24,985 - INFO - Added listing: 13147180
2022-01-16 14:02:25,124 - INFO - 53125115 has no rating
2022-01-16 14:02:25,124 - INFO - Added listing: 53125115
2022-01-16 14:02:25,250 - INFO - Added listing: 48103324
2022-01-16 14:02:25,359 - INFO - Added listing: 35915047
2022-01-16 14:02:25,485 - INFO - Added listing: 23524596
2022-01-16 14:02:25,717 - INFO - Added listing: 5769127
2022-01-16 14:02:25,846 - INFO - Added listing: 447826
2022-01-16 14:02:26,054 - INFO - Added listing: 48940511
2022-01-16 14:02:26,054 - INFO - Total listings found: 260, Listings added: 260
2022-01-16 14:02:31,902 - INFO - Added listing: 18756360
2022-01-16 14:02:31,983 - INFO - Added listing: 49484066
2022-01-16 14:02:32,066 - INFO - Added listing: 47907508
2022-01-16 14:02:32,154 - INFO - Added listing: 766700
2022-01-16 14:02:32,259 - INFO - Added listing: 21350397
2022-01-16 14:02:32,351 - INFO - Added listing: 35916196
2022-01-16 14:02:32,433 - INFO - Added listing: 7513605
2022-01-16 14:02:32,518 - INFO - Added listing: 50731729
2022-01-16 14:02:32,607 - INFO - Added listing: 45180836
2022-01-16 14:02:32,692 - INFO - Added listing: 44208136
2022-01-16 14:02:32,783 - INFO - Added listing: 46659250
2022-01-16 14:02:32,867 - INFO - Added listing: 53359391
2022-01-16 14:02:32,952 - INFO - Added listing: 51234805
2022-01-16 14:02:33,034 - INFO - Added listing: 16496836
2022-01-16 14:02:33,127 - INFO - Added listing: 46983650
2022-01-16 14:02:33,233 - INFO - Added listing: 5940866
2022-01-16 14:02:33,291 - INFO - 53511250 has no rating
2022-01-16 14:02:33,291 - INFO - Added listing: 53511250
2022-01-16 14:02:33,376 - INFO - Added listing: 47966548
2022-01-16 14:02:33,458 - INFO - Added listing: 52421831
2022-01-16 14:02:33,541 - INFO - Added listing: 18194673
2022-01-16 14:02:33,541 - INFO - Total listings found: 280, Listings added: 280
2022-01-16 14:02:39,073 - INFO - Added listing: 50194533
2022-01-16 14:02:39,164 - INFO - Added listing: 48015810
2022-01-16 14:02:39,246 - INFO - Added listing: 30505051
2022-01-16 14:02:39,334 - INFO - Added listing: 28489121
2022-01-16 14:02:39,416 - INFO - Added listing: 20582167
2022-01-16 14:02:39,503 - INFO - Added listing: 46699060
2022-01-16 14:02:39,585 - INFO - Added listing: 9790965
2022-01-16 14:02:39,668 - INFO - Added listing: 47441090
2022-01-16 14:02:39,727 - INFO - 53688867 has no rating
2022-01-16 14:02:39,727 - INFO - Added listing: 53688867
2022-01-16 14:02:39,786 - INFO - 54015401 has no rating
2022-01-16 14:02:39,786 - INFO - Added listing: 54015401
2022-01-16 14:02:39,868 - INFO - Added listing: 26828892
2022-01-16 14:02:39,954 - INFO - Added listing: 39045406
2022-01-16 14:02:40,038 - INFO - Added listing: 27017697
2022-01-16 14:02:40,120 - INFO - Added listing: 14426987
2022-01-16 14:02:40,206 - INFO - Added listing: 47355090
2022-01-16 14:02:40,288 - INFO - Added listing: 52107205
2022-01-16 14:02:40,374 - INFO - Added listing: 51694231
2022-01-16 14:02:40,459 - INFO - Added listing: 41909116
2022-01-16 14:02:40,541 - INFO - Added listing: 14868157
2022-01-16 14:02:40,627 - INFO - Added listing: 210097
2022-01-16 14:02:40,628 - INFO - Total listings found: 300, Listings added: 300
2022-01-16 14:02:40,644 - INFO - Diving further 42.392917,-70.998444,42.242123,-71.185212
2022-01-16 14:02:43,786 - INFO - ----------42.392917,-70.998444,42.31752,-71.091828 starting search.
2022-01-16 14:02:43,787 - INFO - https://www.airbnb.com/s/Boston--MA--United-States/homes?tab_id=home_tab&query=Boston%2C%20MA%2C%20United%20States&place_id=ChIJGzE9DS1l44kRoOhiASS_fHg&ne_lat=42.392917&ne_lng=-70.998444&sw_lat=42.31752&sw_lng=-71.091828
2022-01-16 14:02:55,374 - INFO - 47073455 has no rating
2022-01-16 14:02:55,376 - INFO - Added listing: 47073455
2022-01-16 14:02:55,485 - INFO - Added listing: 52280623
2022-01-16 14:02:55,688 - INFO - Added listing: 31207459
2022-01-16 14:02:55,882 - INFO - Added listing: 30697014
2022-01-16 14:02:56,009 - INFO - Added listing: 42355564
2022-01-16 14:02:56,261 - INFO - Added listing: 13258244
2022-01-16 14:02:56,296 - INFO - Total listings found: 20, Listings added: 6
2022-01-16 14:03:01,970 - INFO - Added listing: 12269155
2022-01-16 14:03:02,057 - INFO - Added listing: 31085634
2022-01-16 14:03:02,110 - INFO - 52277955 has no rating
2022-01-16 14:03:02,110 - INFO - Added listing: 52277955
2022-01-16 14:03:02,200 - INFO - Added listing: 20479416
2022-01-16 14:03:02,341 - INFO - Added listing: 30594732
2022-01-16 14:03:02,480 - INFO - Added listing: 46984660
2022-01-16 14:03:02,575 - INFO - Added listing: 25328440
2022-01-16 14:03:02,688 - INFO - Added listing: 53719658
2022-01-16 14:03:02,806 - INFO - Added listing: 49754318
2022-01-16 14:03:02,883 - INFO - Added listing: 34149872
2022-01-16 14:03:02,901 - INFO - Total listings found: 40, Listings added: 16
2022-01-16 14:03:08,522 - INFO - 52387922 has no rating
2022-01-16 14:03:08,522 - INFO - Added listing: 52387922
2022-01-16 14:03:08,605 - INFO - Added listing: 49438714
2022-01-16 14:03:08,717 - INFO - Added listing: 30696841
2022-01-16 14:03:08,803 - INFO - Added listing: 25326962
2022-01-16 14:03:08,881 - INFO - 52280430 has no rating
2022-01-16 14:03:08,881 - INFO - Added listing: 52280430
2022-01-16 14:03:08,968 - INFO - Added listing: 47374978
2022-01-16 14:03:09,044 - INFO - Added listing: 51681067
2022-01-16 14:03:09,145 - INFO - Added listing: 6426364
2022-01-16 14:03:09,232 - INFO - Added listing: 26333739
2022-01-16 14:03:09,232 - INFO - Total listings found: 60, Listings added: 25
2022-01-16 14:03:14,864 - INFO - 52388630 has no rating
2022-01-16 14:03:14,866 - INFO - Added listing: 52388630
2022-01-16 14:03:14,963 - INFO - Added listing: 27203329
2022-01-16 14:03:15,087 - INFO - Added listing: 36037475
2022-01-16 14:03:15,154 - INFO - 53627196 has no rating
2022-01-16 14:03:15,154 - INFO - Added listing: 53627196
2022-01-16 14:03:15,258 - INFO - Added listing: 8170181
2022-01-16 14:03:15,454 - INFO - Added listing: 53232825
2022-01-16 14:03:15,621 - INFO - Added listing: 46237380
2022-01-16 14:03:15,744 - INFO - Added listing: 53186940
2022-01-16 14:03:15,995 - INFO - 52388294 has no rating
2022-01-16 14:03:15,996 - INFO - Added listing: 52388294
2022-01-16 14:03:15,996 - INFO - Total listings found: 80, Listings added: 34
2022-01-16 14:03:21,731 - INFO - Added listing: 14873100
2022-01-16 14:03:21,813 - INFO - Added listing: 49424441
2022-01-16 14:03:21,907 - INFO - Added listing: 48026370
2022-01-16 14:03:21,971 - INFO - 52389611 has no rating
2022-01-16 14:03:21,971 - INFO - Added listing: 52389611
2022-01-16 14:03:22,084 - INFO - Added listing: 48980471
2022-01-16 14:03:22,165 - INFO - Added listing: 13077603
2022-01-16 14:03:22,241 - INFO - Added listing: 6758443
2022-01-16 14:03:22,315 - INFO - 34242176 has no rating
2022-01-16 14:03:22,315 - INFO - Added listing: 34242176
2022-01-16 14:03:22,414 - INFO - Added listing: 50393798
2022-01-16 14:03:22,532 - INFO - 53774907 has no rating
2022-01-16 14:03:22,532 - INFO - Added listing: 53774907
2022-01-16 14:03:22,615 - INFO - Added listing: 4995033
2022-01-16 14:03:22,669 - INFO - 53627531 has no rating
2022-01-16 14:03:22,669 - INFO - Added listing: 53627531
2022-01-16 14:03:22,745 - INFO - Added listing: 49176957
2022-01-16 14:03:22,762 - INFO - Total listings found: 100, Listings added: 47
2022-01-16 14:03:28,321 - INFO - Added listing: 35161089
2022-01-16 14:03:28,398 - INFO - Added listing: 33013194
2022-01-16 14:03:28,480 - INFO - Added listing: 27158560
2022-01-16 14:03:28,557 - INFO - Added listing: 7635616
2022-01-16 14:03:28,633 - INFO - Added listing: 47374576
2022-01-16 14:03:28,718 - INFO - Added listing: 6758482
2022-01-16 14:03:28,816 - INFO - Added listing: 51186336
2022-01-16 14:03:28,893 - INFO - Added listing: 47384208
2022-01-16 14:03:28,947 - INFO - 53775571 has no rating
2022-01-16 14:03:28,947 - INFO - Added listing: 53775571
2022-01-16 14:03:29,027 - INFO - Added listing: 51557278
2022-01-16 14:03:29,145 - INFO - Added listing: 53126503
2022-01-16 14:03:29,200 - INFO - 51143720 has no rating
2022-01-16 14:03:29,200 - INFO - Added listing: 51143720
2022-01-16 14:03:29,296 - INFO - Added listing: 48014985
2022-01-16 14:03:29,393 - INFO - Added listing: 48805748
2022-01-16 14:03:29,471 - INFO - Added listing: 47384387
2022-01-16 14:03:29,471 - INFO - Total listings found: 120, Listings added: 62
2022-01-16 14:03:34,981 - INFO - Added listing: 47373862
2022-01-16 14:03:35,064 - INFO - Added listing: 47408174
2022-01-16 14:03:35,140 - INFO - Added listing: 48014877
2022-01-16 14:03:35,220 - INFO - Added listing: 13393418
2022-01-16 14:03:35,276 - INFO - 53677607 has no rating
2022-01-16 14:03:35,276 - INFO - Added listing: 53677607
2022-01-16 14:03:35,370 - INFO - Added listing: 7476340
2022-01-16 14:03:35,427 - INFO - 54278398 has no rating
2022-01-16 14:03:35,428 - INFO - Added listing: 54278398
2022-01-16 14:03:35,504 - INFO - Added listing: 48809197
2022-01-16 14:03:35,557 - INFO - 53801849 has no rating
2022-01-16 14:03:35,558 - INFO - Added listing: 53801849
2022-01-16 14:03:35,634 - INFO - Added listing: 32330630
2022-01-16 14:03:35,714 - INFO - Added listing: 48027808
2022-01-16 14:03:35,795 - INFO - Added listing: 48248044
2022-01-16 14:03:35,873 - INFO - Added listing: 53228705
2022-01-16 14:03:35,999 - INFO - 52578496 has no rating
2022-01-16 14:03:35,999 - INFO - Added listing: 52578496
2022-01-16 14:03:36,080 - INFO - Added listing: 40035442
2022-01-16 14:03:36,081 - INFO - Total listings found: 140, Listings added: 77
2022-01-16 14:03:41,781 - INFO - Added listing: 48091769
2022-01-16 14:03:41,860 - INFO - Added listing: 51320323
2022-01-16 14:03:41,959 - INFO - Added listing: 47183297
2022-01-16 14:03:42,038 - INFO - Added listing: 48016221
2022-01-16 14:03:42,133 - INFO - Added listing: 48080557
2022-01-16 14:03:42,214 - INFO - Added listing: 6758462
2022-01-16 14:03:42,292 - INFO - Added listing: 51555199
2022-01-16 14:03:42,373 - INFO - Added listing: 49024833
2022-01-16 14:03:42,452 - INFO - Added listing: 53775865
2022-01-16 14:03:42,553 - INFO - Added listing: 47183492
2022-01-16 14:03:42,633 - INFO - Added listing: 48000570
2022-01-16 14:03:42,710 - INFO - Added listing: 48027607
2022-01-16 14:03:42,788 - INFO - Added listing: 45676233
2022-01-16 14:03:42,845 - INFO - 49610778 has no rating
2022-01-16 14:03:42,845 - INFO - Added listing: 49610778
2022-01-16 14:03:42,899 - INFO - 53833297 has no rating
2022-01-16 14:03:42,899 - INFO - Added listing: 53833297
2022-01-16 14:03:42,976 - INFO - Added listing: 48488417
2022-01-16 14:03:43,030 - INFO - 45860458 has no rating
2022-01-16 14:03:43,031 - INFO - Added listing: 45860458
2022-01-16 14:03:43,031 - INFO - Total listings found: 160, Listings added: 94
2022-01-16 14:03:48,557 - INFO - Added listing: 37180881
2022-01-16 14:03:48,671 - INFO - Added listing: 21190750
2022-01-16 14:03:48,750 - INFO - Added listing: 32835031
2022-01-16 14:03:48,827 - INFO - Added listing: 48297633
2022-01-16 14:03:48,910 - INFO - Added listing: 23171291
2022-01-16 14:03:48,988 - INFO - Added listing: 51811784
2022-01-16 14:03:49,067 - INFO - Added listing: 47407478
2022-01-16 14:03:49,139 - INFO - 53472247 has no rating
2022-01-16 14:03:49,139 - INFO - Added listing: 53472247
2022-01-16 14:03:49,222 - INFO - Added listing: 46984210
2022-01-16 14:03:49,300 - INFO - Added listing: 49516205
2022-01-16 14:03:49,378 - INFO - Added listing: 4863108
2022-01-16 14:03:49,475 - INFO - Added listing: 51434034
2022-01-16 14:03:49,560 - INFO - Added listing: 47374701
2022-01-16 14:03:49,639 - INFO - Added listing: 7513906
2022-01-16 14:03:49,734 - INFO - Added listing: 46966358
2022-01-16 14:03:49,752 - INFO - Total listings found: 180, Listings added: 109
2022-01-16 14:03:55,272 - INFO - Added listing: 47492421
2022-01-16 14:03:55,351 - INFO - Added listing: 47384885
2022-01-16 14:03:55,448 - INFO - 51711675 has no rating
2022-01-16 14:03:55,448 - INFO - Added listing: 51711675
2022-01-16 14:03:55,526 - INFO - Added listing: 50262105
2022-01-16 14:03:55,582 - INFO - 50879406 has no rating
2022-01-16 14:03:55,582 - INFO - Added listing: 50879406
2022-01-16 14:03:55,663 - INFO - Added listing: 49567118
2022-01-16 14:03:55,741 - INFO - Added listing: 6810723
2022-01-16 14:03:55,823 - INFO - Added listing: 6762011
2022-01-16 14:03:55,903 - INFO - Added listing: 51557452
2022-01-16 14:03:55,961 - INFO - 53785663 has no rating
2022-01-16 14:03:55,961 - INFO - Added listing: 53785663
2022-01-16 14:03:56,042 - INFO - Added listing: 7837202
2022-01-16 14:03:56,123 - INFO - Added listing: 39004265
2022-01-16 14:03:56,201 - INFO - Added listing: 18354570
2022-01-16 14:03:56,281 - INFO - Added listing: 33325791
2022-01-16 14:03:56,362 - INFO - Added listing: 52753582
2022-01-16 14:03:56,444 - INFO - Added listing: 51320970
2022-01-16 14:03:56,462 - INFO - Total listings found: 200, Listings added: 125
2022-01-16 14:04:02,077 - INFO - Added listing: 33017230
2022-01-16 14:04:02,160 - INFO - Added listing: 47384475
2022-01-16 14:04:02,258 - INFO - Added listing: 53368264
2022-01-16 14:04:02,337 - INFO - Added listing: 22435979
2022-01-16 14:04:02,438 - INFO - Added listing: 37253472
2022-01-16 14:04:02,534 - INFO - Added listing: 7916575
2022-01-16 14:04:02,614 - INFO - Added listing: 24749244
2022-01-16 14:04:02,693 - INFO - Added listing: 51312245
2022-01-16 14:04:02,778 - INFO - Added listing: 9133627
2022-01-16 14:04:02,836 - INFO - 53981182 has no rating
2022-01-16 14:04:02,836 - INFO - Added listing: 53981182
2022-01-16 14:04:02,915 - INFO - Added listing: 49513112
2022-01-16 14:04:02,989 - INFO - 36918004 has no rating
2022-01-16 14:04:02,989 - INFO - Added listing: 36918004
2022-01-16 14:04:03,068 - INFO - Added listing: 50262708
2022-01-16 14:04:03,151 - INFO - Added listing: 53146859
2022-01-16 14:04:03,152 - INFO - Total listings found: 220, Listings added: 139
2022-01-16 14:04:08,761 - INFO - Added listing: 47374298
2022-01-16 14:04:08,818 - INFO - 539831331495773136 has no rating
2022-01-16 14:04:08,818 - INFO - Added listing: 539831331495773136
2022-01-16 14:04:08,905 - INFO - Added listing: 47487652
2022-01-16 14:04:08,993 - INFO - Added listing: 51072005
2022-01-16 14:04:09,089 - INFO - Added listing: 45493951
2022-01-16 14:04:09,194 - INFO - Added listing: 48080487
2022-01-16 14:04:09,292 - INFO - Added listing: 48026506
2022-01-16 14:04:09,377 - INFO - Added listing: 50193759
2022-01-16 14:04:09,459 - INFO - Added listing: 7694559
2022-01-16 14:04:09,590 - INFO - Added listing: 8206536
2022-01-16 14:04:09,682 - INFO - Added listing: 53109444
2022-01-16 14:04:09,763 - INFO - Added listing: 7832890
2022-01-16 14:04:09,849 - INFO - Added listing: 36036969
2022-01-16 14:04:09,941 - INFO - Added listing: 49194329
2022-01-16 14:04:10,026 - INFO - Added listing: 51747972
2022-01-16 14:04:10,110 - INFO - Added listing: 38433315
2022-01-16 14:04:10,194 - INFO - Added listing: 15018607
2022-01-16 14:04:10,194 - INFO - Total listings found: 240, Listings added: 156
2022-01-16 14:04:15,676 - INFO - Added listing: 45501019
2022-01-16 14:04:15,733 - INFO - 29489346 has no rating
2022-01-16 14:04:15,733 - INFO - Added listing: 29489346
2022-01-16 14:04:15,812 - INFO - Added listing: 53135802
2022-01-16 14:04:15,915 - INFO - Added listing: 45543382
2022-01-16 14:04:16,014 - INFO - Added listing: 33340302
2022-01-16 14:04:16,099 - INFO - Added listing: 19097569
2022-01-16 14:04:16,183 - INFO - Added listing: 46988955
2022-01-16 14:04:16,263 - INFO - Added listing: 11202183
2022-01-16 14:04:16,344 - INFO - Added listing: 49131355
2022-01-16 14:04:16,422 - INFO - 53109651 has no rating
2022-01-16 14:04:16,422 - INFO - Added listing: 53109651
2022-01-16 14:04:16,507 - INFO - Added listing: 51979510
2022-01-16 14:04:16,588 - INFO - Added listing: 8403945
2022-01-16 14:04:16,672 - INFO - Added listing: 7514024
2022-01-16 14:04:16,753 - INFO - Added listing: 4461613
2022-01-16 14:04:16,836 - INFO - Added listing: 34149470
2022-01-16 14:04:16,935 - INFO - Added listing: 48601192
2022-01-16 14:04:16,936 - INFO - Total listings found: 260, Listings added: 172
2022-01-16 14:04:22,432 - INFO - Added listing: 36037605
2022-01-16 14:04:22,518 - INFO - Added listing: 20462256
2022-01-16 14:04:22,598 - INFO - Added listing: 52813403
2022-01-16 14:04:22,679 - INFO - Added listing: 32330038
2022-01-16 14:04:22,735 - INFO - 36921988 has no rating
2022-01-16 14:04:22,735 - INFO - Added listing: 36921988
2022-01-16 14:04:22,821 - INFO - Added listing: 8129338
2022-01-16 14:04:22,913 - INFO - Added listing: 1644031
2022-01-16 14:04:23,003 - INFO - 45732017 has no rating
2022-01-16 14:04:23,003 - INFO - Added listing: 45732017
2022-01-16 14:04:23,087 - INFO - Added listing: 48602602
2022-01-16 14:04:23,179 - INFO - Added listing: 48282351
2022-01-16 14:04:23,261 - INFO - Added listing: 51307010
2022-01-16 14:04:23,317 - INFO - 54246287 has no rating
2022-01-16 14:04:23,318 - INFO - Added listing: 54246287
2022-01-16 14:04:23,399 - INFO - Added listing: 52988852
2022-01-16 14:04:23,483 - INFO - Added listing: 8732121
2022-01-16 14:04:23,566 - INFO - Added listing: 5718801
2022-01-16 14:04:23,648 - INFO - Added listing: 7514336
2022-01-16 14:04:23,728 - INFO - Added listing: 7713815
2022-01-16 14:04:23,813 - INFO - Added listing: 48103833
2022-01-16 14:04:23,894 - INFO - Added listing: 50173631
2022-01-16 14:04:23,894 - INFO - Total listings found: 280, Listings added: 191
2022-01-16 14:04:29,405 - INFO - Added listing: 47408663
2022-01-16 14:04:29,474 - INFO - 53126480 has no rating
2022-01-16 14:04:29,474 - INFO - Added listing: 53126480
2022-01-16 14:04:29,571 - INFO - Added listing: 48000343
2022-01-16 14:04:29,653 - INFO - Added listing: 43715032
2022-01-16 14:04:29,728 - INFO - 39645126 has no rating
2022-01-16 14:04:29,728 - INFO - Added listing: 39645126
2022-01-16 14:04:29,831 - INFO - Added listing: 394462
2022-01-16 14:04:29,913 - INFO - Added listing: 48014534
2022-01-16 14:04:29,994 - INFO - Added listing: 48883519
2022-01-16 14:04:30,079 - INFO - Added listing: 27168524
2022-01-16 14:04:30,136 - INFO - 43137799 has no rating
2022-01-16 14:04:30,136 - INFO - Added listing: 43137799
2022-01-16 14:04:30,221 - INFO - Added listing: 48027058
2022-01-16 14:04:30,280 - INFO - 53512907 has no rating
2022-01-16 14:04:30,280 - INFO - Added listing: 53512907
2022-01-16 14:04:30,365 - INFO - Added listing: 32915410
2022-01-16 14:04:30,423 - INFO - 53787160 has no rating
2022-01-16 14:04:30,423 - INFO - Added listing: 53787160
2022-01-16 14:04:30,508 - INFO - Added listing: 53124490
2022-01-16 14:04:30,590 - INFO - Added listing: 48807191
2022-01-16 14:04:30,673 - INFO - Added listing: 47867613
2022-01-16 14:04:30,673 - INFO - Total listings found: 300, Listings added: 208
2022-01-16 14:04:30,690 - INFO - ==========42.392917,-70.998444,42.31752,-71.091828completed search.
2022-01-16 14:04:30,690 - INFO - ----------42.31752,-71.091828,42.242123,-71.185212 starting search.
2022-01-16 14:04:30,690 - INFO - https://www.airbnb.com/s/Boston--MA--United-States/homes?tab_id=home_tab&query=Boston%2C%20MA%2C%20United%20States&place_id=ChIJGzE9DS1l44kRoOhiASS_fHg&ne_lat=42.31752&ne_lng=-71.091828&sw_lat=42.242123&sw_lng=-71.185212
2022-01-16 14:04:43,186 - INFO - Added listing: 37461678
2022-01-16 14:04:43,306 - INFO - Added listing: 2583074
2022-01-16 14:04:43,469 - INFO - Added listing: 29216550
2022-01-16 14:04:43,592 - INFO - Added listing: 20661430
2022-01-16 14:04:43,687 - INFO - Added listing: 19327752
2022-01-16 14:04:43,760 - INFO - 19218722 has no rating
2022-01-16 14:04:43,760 - INFO - Added listing: 19218722
2022-01-16 14:04:43,857 - INFO - Added listing: 26942600
2022-01-16 14:04:43,929 - INFO - 53829061 has no rating
2022-01-16 14:04:43,930 - INFO - Added listing: 53829061
2022-01-16 14:04:44,035 - INFO - Added listing: 6513924
2022-01-16 14:04:44,133 - INFO - Added listing: 23375776
2022-01-16 14:04:44,231 - INFO - Added listing: 47499363
2022-01-16 14:04:44,348 - INFO - Added listing: 36528015
2022-01-16 14:04:44,443 - INFO - Added listing: 45641345
2022-01-16 14:04:44,444 - INFO - Total listings found: 20, Listings added: 13
2022-01-16 14:04:50,090 - INFO - 22768569 has no rating
2022-01-16 14:04:50,090 - INFO - Added listing: 22768569
2022-01-16 14:04:50,175 - INFO - Added listing: 3575220
2022-01-16 14:04:50,278 - INFO - Added listing: 23842606
2022-01-16 14:04:50,394 - INFO - Added listing: 45658966
2022-01-16 14:04:50,485 - INFO - Added listing: 8645254
2022-01-16 14:04:50,568 - INFO - Added listing: 29218070
2022-01-16 14:04:50,664 - INFO - Added listing: 48211443
2022-01-16 14:04:50,751 - INFO - Added listing: 18526885
2022-01-16 14:04:50,855 - INFO - Added listing: 13046581
2022-01-16 14:04:50,939 - INFO - Added listing: 24193805
2022-01-16 14:04:51,081 - INFO - Added listing: 38923194
2022-01-16 14:04:51,176 - INFO - Added listing: 22651814
2022-01-16 14:04:51,259 - INFO - Added listing: 1881298
2022-01-16 14:04:51,342 - INFO - Added listing: 37611697
2022-01-16 14:04:51,342 - INFO - Total listings found: 40, Listings added: 27
2022-01-16 14:04:56,840 - INFO - Added listing: 33403880
2022-01-16 14:04:56,953 - INFO - Added listing: 4461111
2022-01-16 14:04:57,039 - INFO - Added listing: 29217663
2022-01-16 14:04:57,106 - INFO - 49941156 has no rating
2022-01-16 14:04:57,106 - INFO - Added listing: 49941156
2022-01-16 14:04:57,190 - INFO - Added listing: 26353456
2022-01-16 14:04:57,278 - INFO - Added listing: 24186330
2022-01-16 14:04:57,364 - INFO - Added listing: 52653198
2022-01-16 14:04:57,423 - INFO - 53756737 has no rating
2022-01-16 14:04:57,423 - INFO - Added listing: 53756737
2022-01-16 14:04:57,513 - INFO - Added listing: 26094005
2022-01-16 14:04:57,596 - INFO - Added listing: 18886077
2022-01-16 14:04:57,684 - INFO - Added listing: 24971621
2022-01-16 14:04:57,770 - INFO - Added listing: 7482195
2022-01-16 14:04:57,858 - INFO - Added listing: 20978478
2022-01-16 14:04:57,942 - INFO - Added listing: 6238463
2022-01-16 14:04:58,029 - INFO - Added listing: 7086825
2022-01-16 14:04:58,132 - INFO - Added listing: 4105704
2022-01-16 14:04:58,217 - INFO - Added listing: 28161172
2022-01-16 14:04:58,300 - INFO - Added listing: 26849307
2022-01-16 14:04:58,300 - INFO - Total listings found: 60, Listings added: 45
2022-01-16 14:05:03,836 - INFO - Added listing: 894539
2022-01-16 14:05:03,897 - INFO - 5364231 has no rating
2022-01-16 14:05:03,897 - INFO - Added listing: 5364231
2022-01-16 14:05:03,984 - INFO - Added listing: 26849309
2022-01-16 14:05:04,088 - INFO - Added listing: 24347267
2022-01-16 14:05:04,172 - INFO - Added listing: 52264392
2022-01-16 14:05:04,258 - INFO - Added listing: 17807912
2022-01-16 14:05:04,346 - INFO - Added listing: 6603827
2022-01-16 14:05:04,430 - INFO - Added listing: 51066227
2022-01-16 14:05:04,518 - INFO - Added listing: 8720718
2022-01-16 14:05:04,601 - INFO - Added listing: 18736738
2022-01-16 14:05:04,684 - INFO - Added listing: 9806847
2022-01-16 14:05:04,791 - INFO - Added listing: 8483020
2022-01-16 14:05:04,879 - INFO - Added listing: 13613229
2022-01-16 14:05:04,965 - INFO - Added listing: 14254537
2022-01-16 14:05:05,052 - INFO - Added listing: 23805314
2022-01-16 14:05:05,136 - INFO - Added listing: 41006464
2022-01-16 14:05:05,136 - INFO - Total listings found: 80, Listings added: 61
2022-01-16 14:05:10,637 - INFO - Added listing: 38908913
2022-01-16 14:05:10,728 - INFO - Added listing: 27879644
2022-01-16 14:05:10,814 - INFO - Added listing: 2378421
2022-01-16 14:05:10,873 - INFO - 54037183 has no rating
2022-01-16 14:05:10,873 - INFO - Added listing: 54037183
2022-01-16 14:05:10,961 - INFO - Added listing: 19248168
2022-01-16 14:05:11,050 - INFO - Added listing: 14778561
2022-01-16 14:05:11,135 - INFO - Added listing: 18790023
2022-01-16 14:05:11,222 - INFO - Added listing: 12781774
2022-01-16 14:05:11,307 - INFO - Added listing: 50187850
2022-01-16 14:05:11,398 - INFO - Added listing: 1810172
2022-01-16 14:05:11,483 - INFO - Added listing: 14573951
2022-01-16 14:05:11,568 - INFO - Added listing: 27879776
2022-01-16 14:05:11,653 - INFO - Added listing: 1167987
2022-01-16 14:05:11,741 - INFO - Added listing: 197727
2022-01-16 14:05:11,800 - INFO - 45609749 has no rating
2022-01-16 14:05:11,801 - INFO - Added listing: 45609749
2022-01-16 14:05:11,885 - INFO - Added listing: 49571907
2022-01-16 14:05:11,975 - INFO - Added listing: 743759
2022-01-16 14:05:12,062 - INFO - Added listing: 48585748
2022-01-16 14:05:12,150 - INFO - Added listing: 750438
2022-01-16 14:05:12,170 - INFO - Total listings found: 100, Listings added: 80
2022-01-16 14:05:17,670 - INFO - Added listing: 24401790
2022-01-16 14:05:17,761 - INFO - Added listing: 16148182
2022-01-16 14:05:17,867 - INFO - Added listing: 1721016
2022-01-16 14:05:17,953 - INFO - Added listing: 1071235
2022-01-16 14:05:18,047 - INFO - Added listing: 14105971
2022-01-16 14:05:18,133 - INFO - Added listing: 47499184
2022-01-16 14:05:18,217 - INFO - Added listing: 4085362
2022-01-16 14:05:18,278 - INFO - 54261439 has no rating
2022-01-16 14:05:18,278 - INFO - Added listing: 54261439
2022-01-16 14:05:18,368 - INFO - Added listing: 32890952
2022-01-16 14:05:18,456 - INFO - Added listing: 14918871
2022-01-16 14:05:18,563 - INFO - Added listing: 25775084
2022-01-16 14:05:18,648 - INFO - Added listing: 49584172
2022-01-16 14:05:18,737 - INFO - Added listing: 25324358
2022-01-16 14:05:18,823 - INFO - Added listing: 21935818
2022-01-16 14:05:18,910 - INFO - Added listing: 2843445
2022-01-16 14:05:19,018 - INFO - Added listing: 51433800
2022-01-16 14:05:19,110 - INFO - Added listing: 2886933
2022-01-16 14:05:19,110 - INFO - Total listings found: 120, Listings added: 97
2022-01-16 14:05:24,558 - INFO - 53576070 has no rating
2022-01-16 14:05:24,558 - INFO - Added listing: 53576070
2022-01-16 14:05:24,645 - INFO - Added listing: 48329199
2022-01-16 14:05:24,735 - INFO - Added listing: 23429071
2022-01-16 14:05:24,820 - INFO - Added listing: 12191871
2022-01-16 14:05:24,907 - INFO - Added listing: 5049582
2022-01-16 14:05:24,967 - INFO - 53992722 has no rating
2022-01-16 14:05:24,967 - INFO - Added listing: 53992722
2022-01-16 14:05:25,057 - INFO - Added listing: 51454326
2022-01-16 14:05:25,147 - INFO - Added listing: 40601
2022-01-16 14:05:25,208 - INFO - 52069412 has no rating
2022-01-16 14:05:25,208 - INFO - Added listing: 52069412
2022-01-16 14:05:25,298 - INFO - Added listing: 30286717
2022-01-16 14:05:25,384 - INFO - Added listing: 7287822
2022-01-16 14:05:25,474 - INFO - Added listing: 30249816
2022-01-16 14:05:25,561 - INFO - Added listing: 8490356
2022-01-16 14:05:25,648 - INFO - Added listing: 20520099
2022-01-16 14:05:25,733 - INFO - Added listing: 45652898
2022-01-16 14:05:25,798 - INFO - 40677987 has no rating
2022-01-16 14:05:25,798 - INFO - Added listing: 40677987
2022-01-16 14:05:25,892 - INFO - Added listing: 37823144
2022-01-16 14:05:25,967 - INFO - 23027875 has no rating
2022-01-16 14:05:25,967 - INFO - Added listing: 23027875
2022-01-16 14:05:26,052 - INFO - Added listing: 48997821
2022-01-16 14:05:26,145 - INFO - Added listing: 753446
2022-01-16 14:05:26,145 - INFO - Total listings found: 140, Listings added: 117
2022-01-16 14:05:31,634 - INFO - 53473803 has no rating
2022-01-16 14:05:31,634 - INFO - Added listing: 53473803
2022-01-16 14:05:31,721 - INFO - Added listing: 601763
2022-01-16 14:05:31,814 - INFO - Added listing: 1692573
2022-01-16 14:05:31,899 - INFO - Added listing: 21025191
2022-01-16 14:05:31,984 - INFO - Added listing: 37122724
2022-01-16 14:05:32,044 - INFO - 53248912 has no rating
2022-01-16 14:05:32,044 - INFO - Added listing: 53248912
2022-01-16 14:05:32,130 - INFO - Added listing: 43899519
2022-01-16 14:05:32,195 - INFO - 53321922 has no rating
2022-01-16 14:05:32,196 - INFO - Added listing: 53321922
2022-01-16 14:05:32,282 - INFO - Added listing: 17523630
2022-01-16 14:05:32,372 - INFO - Added listing: 48675718
2022-01-16 14:05:32,459 - INFO - Added listing: 31675705
2022-01-16 14:05:32,549 - INFO - Added listing: 45972855
2022-01-16 14:05:32,611 - INFO - 41963633 has no rating
2022-01-16 14:05:32,611 - INFO - Added listing: 41963633
2022-01-16 14:05:32,699 - INFO - Added listing: 16770690
2022-01-16 14:05:32,759 - INFO - 41963580 has no rating
2022-01-16 14:05:32,760 - INFO - Added listing: 41963580
2022-01-16 14:05:32,847 - INFO - Added listing: 43985093
2022-01-16 14:05:32,936 - INFO - Added listing: 568234
2022-01-16 14:05:33,021 - INFO - Added listing: 28578655
2022-01-16 14:05:33,109 - INFO - Added listing: 40890858
2022-01-16 14:05:33,198 - INFO - Added listing: 30273160
2022-01-16 14:05:33,199 - INFO - Total listings found: 160, Listings added: 137
2022-01-16 14:05:38,677 - INFO - 53474222 has no rating
2022-01-16 14:05:38,678 - INFO - Added listing: 53474222
2022-01-16 14:05:38,766 - INFO - Added listing: 28104387
2022-01-16 14:05:38,853 - INFO - Added listing: 17296595
2022-01-16 14:05:38,947 - INFO - Added listing: 22013980
2022-01-16 14:05:39,035 - INFO - Added listing: 29282726
2022-01-16 14:05:39,126 - INFO - Added listing: 8283433
2022-01-16 14:05:39,214 - INFO - Added listing: 7910223
2022-01-16 14:05:39,311 - INFO - Added listing: 47137042
2022-01-16 14:05:39,399 - INFO - Added listing: 35038113
2022-01-16 14:05:39,496 - INFO - Added listing: 50325521
2022-01-16 14:05:39,584 - INFO - Added listing: 14566386
2022-01-16 14:05:39,645 - INFO - 31014488 has no rating
2022-01-16 14:05:39,645 - INFO - Added listing: 31014488
2022-01-16 14:05:39,737 - INFO - Added listing: 30858812
2022-01-16 14:05:39,799 - INFO - 47408721 has no rating
2022-01-16 14:05:39,799 - INFO - Added listing: 47408721
2022-01-16 14:05:39,859 - INFO - 29237161 has no rating
2022-01-16 14:05:39,860 - INFO - Added listing: 29237161
2022-01-16 14:05:39,950 - INFO - Added listing: 48329192
2022-01-16 14:05:40,040 - INFO - Added listing: 1433041
2022-01-16 14:05:40,128 - INFO - Added listing: 46427592
2022-01-16 14:05:40,218 - INFO - Added listing: 16892278
2022-01-16 14:05:40,218 - INFO - Total listings found: 180, Listings added: 156
2022-01-16 14:05:45,728 - INFO - Added listing: 48173950
2022-01-16 14:05:45,821 - INFO - Added listing: 14566378
2022-01-16 14:05:45,909 - INFO - Added listing: 20649310
2022-01-16 14:05:45,970 - INFO - 519073741926470663 has no rating
2022-01-16 14:05:45,970 - INFO - Added listing: 519073741926470663
2022-01-16 14:05:46,037 - INFO - 35041910 has no rating
2022-01-16 14:05:46,037 - INFO - Added listing: 35041910
2022-01-16 14:05:46,135 - INFO - Added listing: 48329228
2022-01-16 14:05:46,197 - INFO - 40668942 has no rating
2022-01-16 14:05:46,197 - INFO - Added listing: 40668942
2022-01-16 14:05:46,284 - INFO - Added listing: 25429787
2022-01-16 14:05:46,389 - INFO - Added listing: 29281816
2022-01-16 14:05:46,507 - INFO - Added listing: 1724900
2022-01-16 14:05:46,606 - INFO - Added listing: 4233242
2022-01-16 14:05:46,672 - INFO - 48310056 has no rating
2022-01-16 14:05:46,672 - INFO - Added listing: 48310056
2022-01-16 14:05:46,735 - INFO - 49561150 has no rating
2022-01-16 14:05:46,735 - INFO - Added listing: 49561150
2022-01-16 14:05:46,798 - INFO - 53380334 has no rating
2022-01-16 14:05:46,798 - INFO - Added listing: 53380334
2022-01-16 14:05:46,898 - INFO - Added listing: 6914622
2022-01-16 14:05:46,965 - INFO - 23027286 has no rating
2022-01-16 14:05:46,966 - INFO - Added listing: 23027286
2022-01-16 14:05:47,052 - INFO - Added listing: 33465201
2022-01-16 14:05:47,174 - INFO - Added listing: 49128400
2022-01-16 14:05:47,235 - INFO - 51713079 has no rating
2022-01-16 14:05:47,236 - INFO - Added listing: 51713079
2022-01-16 14:05:47,325 - INFO - Added listing: 49538938
2022-01-16 14:05:47,325 - INFO - Total listings found: 200, Listings added: 176
2022-01-16 14:05:52,826 - INFO - Added listing: 39202885
2022-01-16 14:05:52,929 - INFO - Added listing: 8923817
2022-01-16 14:05:53,017 - INFO - Added listing: 42358001
2022-01-16 14:05:53,078 - INFO - 22859515 has no rating
2022-01-16 14:05:53,078 - INFO - Added listing: 22859515
2022-01-16 14:05:53,168 - INFO - Added listing: 10749312
2022-01-16 14:05:53,229 - INFO - 53380371 has no rating
2022-01-16 14:05:53,229 - INFO - Added listing: 53380371
2022-01-16 14:05:53,322 - INFO - Added listing: 42379429
2022-01-16 14:05:53,411 - INFO - Added listing: 14415125
2022-01-16 14:05:53,499 - INFO - Added listing: 44355654
2022-01-16 14:05:53,596 - INFO - Added listing: 26778454
2022-01-16 14:05:53,689 - INFO - Added listing: 20446955
2022-01-16 14:05:53,778 - INFO - Added listing: 14531631
2022-01-16 14:05:53,868 - INFO - Added listing: 17405769
2022-01-16 14:05:53,956 - INFO - Added listing: 23109832
2022-01-16 14:05:54,048 - INFO - Added listing: 6465075
2022-01-16 14:05:54,137 - INFO - Added listing: 5434353
2022-01-16 14:05:54,224 - INFO - Added listing: 19100282
2022-01-16 14:05:54,312 - INFO - Added listing: 48641606
2022-01-16 14:05:54,404 - INFO - Added listing: 23149016
2022-01-16 14:05:54,491 - INFO - Added listing: 19412875
2022-01-16 14:05:54,492 - INFO - Total listings found: 220, Listings added: 196
2022-01-16 14:06:00,032 - INFO - Added listing: 21924790
2022-01-16 14:06:00,127 - INFO - Added listing: 3342094
2022-01-16 14:06:00,215 - INFO - Added listing: 4699828
2022-01-16 14:06:00,305 - INFO - Added listing: 35971645
2022-01-16 14:06:00,366 - INFO - 53621142 has no rating
2022-01-16 14:06:00,366 - INFO - Added listing: 53621142
2022-01-16 14:06:00,456 - INFO - Added listing: 10299047
2022-01-16 14:06:00,550 - INFO - Added listing: 14448479
2022-01-16 14:06:00,638 - INFO - Added listing: 2014651
2022-01-16 14:06:00,727 - INFO - Added listing: 30017679
2022-01-16 14:06:00,820 - INFO - Added listing: 29057136
2022-01-16 14:06:00,892 - INFO - 51783130 has no rating
2022-01-16 14:06:00,892 - INFO - Added listing: 51783130
2022-01-16 14:06:00,981 - INFO - Added listing: 13578869
2022-01-16 14:06:01,041 - INFO - 35407404 has no rating
2022-01-16 14:06:01,042 - INFO - Added listing: 35407404
2022-01-16 14:06:01,102 - INFO - 36786724 has no rating
2022-01-16 14:06:01,102 - INFO - Added listing: 36786724
2022-01-16 14:06:01,165 - INFO - 49638934 has no rating
2022-01-16 14:06:01,165 - INFO - Added listing: 49638934
2022-01-16 14:06:01,257 - INFO - Added listing: 743211
2022-01-16 14:06:01,346 - INFO - Added listing: 8634599
2022-01-16 14:06:01,407 - INFO - 35405830 has no rating
2022-01-16 14:06:01,408 - INFO - Added listing: 35405830
2022-01-16 14:06:01,469 - INFO - 48771117 has no rating
2022-01-16 14:06:01,469 - INFO - Added listing: 48771117
2022-01-16 14:06:01,556 - INFO - Added listing: 16923467
2022-01-16 14:06:01,556 - INFO - Total listings found: 240, Listings added: 216
2022-01-16 14:06:07,091 - INFO - Added listing: 15453527
2022-01-16 14:06:07,194 - INFO - Added listing: 8908145
2022-01-16 14:06:07,270 - INFO - 18220200 has no rating
2022-01-16 14:06:07,270 - INFO - Added listing: 18220200
2022-01-16 14:06:07,346 - INFO - 19182289 has no rating
2022-01-16 14:06:07,346 - INFO - Added listing: 19182289
2022-01-16 14:06:07,452 - INFO - Added listing: 16545081
2022-01-16 14:06:07,533 - INFO - 15177273 has no rating
2022-01-16 14:06:07,533 - INFO - Added listing: 15177273
2022-01-16 14:06:07,608 - INFO - 42328735 has no rating
2022-01-16 14:06:07,608 - INFO - Added listing: 42328735
2022-01-16 14:06:07,683 - INFO - 50733046 has no rating
2022-01-16 14:06:07,684 - INFO - Added listing: 50733046
2022-01-16 14:06:07,763 - INFO - 17430142 has no rating
2022-01-16 14:06:07,763 - INFO - Added listing: 17430142
2022-01-16 14:06:07,873 - INFO - Added listing: 10627514
2022-01-16 14:06:07,979 - INFO - Added listing: 17210305
2022-01-16 14:06:08,054 - INFO - 17779084 has no rating
2022-01-16 14:06:08,054 - INFO - Added listing: 17779084
2022-01-16 14:06:08,158 - INFO - Added listing: 5509083
2022-01-16 14:06:08,266 - INFO - Added listing: 6990904
2022-01-16 14:06:08,342 - INFO - 17969508 has no rating
2022-01-16 14:06:08,342 - INFO - Added listing: 17969508
2022-01-16 14:06:08,342 - INFO - Total listings found: 255, Listings added: 231
2022-01-16 14:06:08,358 - INFO - ==========42.31752,-71.091828,42.242123,-71.185212completed search.
2022-01-16 14:06:08,359 - INFO - ----------42.392917,-71.091828,42.31752,-71.185212 starting search.
2022-01-16 14:06:08,359 - INFO - https://www.airbnb.com/s/Boston--MA--United-States/homes?tab_id=home_tab&query=Boston%2C%20MA%2C%20United%20States&place_id=ChIJGzE9DS1l44kRoOhiASS_fHg&ne_lat=42.392917&ne_lng=-71.091828&sw_lat=42.31752&sw_lng=-71.185212
2022-01-16 14:06:20,174 - INFO - Added listing: 49840219
2022-01-16 14:06:20,323 - INFO - Added listing: 19345857
2022-01-16 14:06:20,422 - INFO - 51054738 has no rating
2022-01-16 14:06:20,422 - INFO - Added listing: 51054738
2022-01-16 14:06:20,496 - INFO - 48988149 has no rating
2022-01-16 14:06:20,496 - INFO - Added listing: 48988149
2022-01-16 14:06:20,622 - INFO - Added listing: 1203031
2022-01-16 14:06:20,752 - INFO - 40752619 has no rating
2022-01-16 14:06:20,752 - INFO - Added listing: 40752619
2022-01-16 14:06:20,914 - INFO - Added listing: 49709665
2022-01-16 14:06:21,019 - INFO - 22581254 has no rating
2022-01-16 14:06:21,019 - INFO - Added listing: 22581254
2022-01-16 14:06:21,019 - INFO - Total listings found: 20, Listings added: 8
2022-01-16 14:06:26,692 - INFO - Added listing: 48286373
2022-01-16 14:06:26,821 - INFO - Added listing: 21511750
2022-01-16 14:06:26,921 - INFO - Added listing: 13557868
2022-01-16 14:06:27,060 - INFO - Added listing: 20799027
2022-01-16 14:06:27,147 - INFO - Added listing: 49631570
2022-01-16 14:06:27,248 - INFO - Added listing: 860634
2022-01-16 14:06:27,350 - INFO - Added listing: 5870922
2022-01-16 14:06:27,442 - INFO - Added listing: 48108594
2022-01-16 14:06:27,545 - INFO - Added listing: 21406532
2022-01-16 14:06:27,654 - INFO - Added listing: 32901476
2022-01-16 14:06:27,785 - INFO - Added listing: 53195225
2022-01-16 14:06:27,785 - INFO - Total listings found: 40, Listings added: 19
2022-01-16 14:06:33,335 - INFO - 45133862 has no rating
2022-01-16 14:06:33,335 - INFO - Added listing: 45133862
2022-01-16 14:06:33,433 - INFO - Added listing: 19344649
2022-01-16 14:06:33,642 - INFO - Added listing: 42980478
2022-01-16 14:06:33,736 - INFO - Added listing: 1992020
2022-01-16 14:06:33,823 - INFO - Added listing: 34127149
2022-01-16 14:06:33,912 - INFO - Added listing: 2332898
2022-01-16 14:06:34,066 - INFO - Added listing: 4112094
2022-01-16 14:06:34,156 - INFO - 53203873 has no rating
2022-01-16 14:06:34,156 - INFO - Added listing: 53203873
2022-01-16 14:06:34,243 - INFO - Added listing: 29343335
2022-01-16 14:06:34,243 - INFO - Total listings found: 60, Listings added: 28
2022-01-16 14:06:39,957 - INFO - Added listing: 4630071
2022-01-16 14:06:40,045 - INFO - Added listing: 49709372
2022-01-16 14:06:40,128 - INFO - Added listing: 49840424
2022-01-16 14:06:40,275 - INFO - Added listing: 33242374
2022-01-16 14:06:40,368 - INFO - Added listing: 42975758
2022-01-16 14:06:40,482 - INFO - Added listing: 51417227
2022-01-16 14:06:40,593 - INFO - Added listing: 12336281
2022-01-16 14:06:40,687 - INFO - 54245639 has no rating
2022-01-16 14:06:40,687 - INFO - Added listing: 54245639
2022-01-16 14:06:40,782 - INFO - Added listing: 21405549
2022-01-16 14:06:40,878 - INFO - Added listing: 7369764
2022-01-16 14:06:40,960 - INFO - Added listing: 39249720
2022-01-16 14:06:41,050 - INFO - Added listing: 10524872
2022-01-16 14:06:41,142 - INFO - Added listing: 39950998
2022-01-16 14:06:41,233 - INFO - Added listing: 18295290
2022-01-16 14:06:41,233 - INFO - Total listings found: 80, Listings added: 42
2022-01-16 14:06:46,774 - INFO - Added listing: 13733745
2022-01-16 14:06:46,876 - INFO - Added listing: 2319690
2022-01-16 14:06:46,934 - INFO - 41065145 has no rating
2022-01-16 14:06:46,934 - INFO - Added listing: 41065145
2022-01-16 14:06:47,027 - INFO - Added listing: 51329497
2022-01-16 14:06:47,094 - INFO - 31901686 has no rating
2022-01-16 14:06:47,094 - INFO - Added listing: 31901686
2022-01-16 14:06:47,182 - INFO - Added listing: 47296747
2022-01-16 14:06:47,241 - INFO - 53297468 has no rating
2022-01-16 14:06:47,241 - INFO - Added listing: 53297468
2022-01-16 14:06:47,324 - INFO - Added listing: 22886713
2022-01-16 14:06:47,430 - INFO - Added listing: 39989882
2022-01-16 14:06:47,523 - INFO - Added listing: 19120011
2022-01-16 14:06:47,609 - INFO - Added listing: 43755013
2022-01-16 14:06:47,696 - INFO - Added listing: 13166405
2022-01-16 14:06:47,781 - INFO - Added listing: 29082416
2022-01-16 14:06:47,843 - INFO - 49585783 has no rating
2022-01-16 14:06:47,843 - INFO - Added listing: 49585783
2022-01-16 14:06:47,950 - INFO - Added listing: 48040052
2022-01-16 14:06:48,070 - INFO - Added listing: 36458217
2022-01-16 14:06:48,070 - INFO - Total listings found: 100, Listings added: 58
2022-01-16 14:06:53,543 - INFO - 51647635 has no rating
2022-01-16 14:06:53,543 - INFO - Added listing: 51647635
2022-01-16 14:06:53,647 - INFO - Added listing: 23102114
2022-01-16 14:06:53,733 - INFO - Added listing: 34342016
2022-01-16 14:06:53,837 - INFO - Added listing: 51329008
2022-01-16 14:06:53,945 - INFO - Added listing: 2147504
2022-01-16 14:06:54,003 - INFO - 33253369 has no rating
2022-01-16 14:06:54,003 - INFO - Added listing: 33253369
2022-01-16 14:06:54,087 - INFO - Added listing: 31419591
2022-01-16 14:06:54,147 - INFO - 30441472 has no rating
2022-01-16 14:06:54,147 - INFO - Added listing: 30441472
2022-01-16 14:06:54,238 - INFO - Added listing: 46534
2022-01-16 14:06:54,324 - INFO - Added listing: 33720673
2022-01-16 14:06:54,402 - INFO - 5320198 has no rating
2022-01-16 14:06:54,402 - INFO - Added listing: 5320198
2022-01-16 14:06:54,487 - INFO - Added listing: 20917610
2022-01-16 14:06:54,573 - INFO - Added listing: 20633588
2022-01-16 14:06:54,661 - INFO - Added listing: 17652206
2022-01-16 14:06:54,749 - INFO - Added listing: 52474718
2022-01-16 14:06:54,834 - INFO - Added listing: 11850567
2022-01-16 14:06:54,835 - INFO - Total listings found: 120, Listings added: 74
2022-01-16 14:07:00,328 - INFO - Added listing: 12432434
2022-01-16 14:07:00,415 - INFO - Added listing: 24298372
2022-01-16 14:07:00,519 - INFO - Added listing: 23487191
2022-01-16 14:07:00,608 - INFO - Added listing: 34478701
2022-01-16 14:07:00,691 - INFO - Added listing: 48028412
2022-01-16 14:07:00,778 - INFO - Added listing: 51324936
2022-01-16 14:07:00,841 - INFO - 28643134 has no rating
2022-01-16 14:07:00,841 - INFO - Added listing: 28643134
2022-01-16 14:07:00,949 - INFO - Added listing: 10682088
2022-01-16 14:07:01,039 - INFO - Added listing: 24995125
2022-01-16 14:07:01,125 - INFO - Added listing: 6248970
2022-01-16 14:07:01,270 - INFO - Added listing: 46388603
2022-01-16 14:07:01,381 - INFO - Added listing: 34126785
2022-01-16 14:07:01,486 - INFO - Added listing: 49364349
2022-01-16 14:07:01,486 - INFO - Total listings found: 140, Listings added: 87
2022-01-16 14:07:07,068 - INFO - Added listing: 8222802
2022-01-16 14:07:07,152 - INFO - Added listing: 6692868
2022-01-16 14:07:07,277 - INFO - Added listing: 2526773
2022-01-16 14:07:07,368 - INFO - Added listing: 24809758
2022-01-16 14:07:07,454 - INFO - Added listing: 13156403
2022-01-16 14:07:07,543 - INFO - Added listing: 11871190
2022-01-16 14:07:07,629 - INFO - Added listing: 2014882
2022-01-16 14:07:07,742 - INFO - Added listing: 21410959
2022-01-16 14:07:07,827 - INFO - Added listing: 15523233
2022-01-16 14:07:07,917 - INFO - Added listing: 6599485
2022-01-16 14:07:07,979 - INFO - 44473794 has no rating
2022-01-16 14:07:07,979 - INFO - Added listing: 44473794
2022-01-16 14:07:08,042 - INFO - 39281476 has no rating
2022-01-16 14:07:08,042 - INFO - Added listing: 39281476
2022-01-16 14:07:08,127 - INFO - Added listing: 17652490
2022-01-16 14:07:08,214 - INFO - Added listing: 7031423
2022-01-16 14:07:08,234 - INFO - Total listings found: 160, Listings added: 101
2022-01-16 14:07:13,764 - INFO - 21648941 has no rating
2022-01-16 14:07:13,764 - INFO - Added listing: 21648941
2022-01-16 14:07:13,849 - INFO - Added listing: 18791077
2022-01-16 14:07:13,955 - INFO - Added listing: 27787666
2022-01-16 14:07:14,048 - INFO - Added listing: 4276641
2022-01-16 14:07:14,133 - INFO - Added listing: 49364638
2022-01-16 14:07:14,219 - INFO - Added listing: 12083522
2022-01-16 14:07:14,306 - INFO - Added listing: 10906
2022-01-16 14:07:14,396 - INFO - Added listing: 23528849
2022-01-16 14:07:14,459 - INFO - 53669289 has no rating
2022-01-16 14:07:14,459 - INFO - Added listing: 53669289
2022-01-16 14:07:14,545 - INFO - Added listing: 13169945
2022-01-16 14:07:14,631 - INFO - Added listing: 5967421
2022-01-16 14:07:14,723 - INFO - Added listing: 29851581
2022-01-16 14:07:14,784 - INFO - 35684143 has no rating
2022-01-16 14:07:14,784 - INFO - Added listing: 35684143
2022-01-16 14:07:14,870 - INFO - Added listing: 45240145
2022-01-16 14:07:14,935 - INFO - 51816065 has no rating
2022-01-16 14:07:14,935 - INFO - Added listing: 51816065
2022-01-16 14:07:15,005 - INFO - 50744430 has no rating
2022-01-16 14:07:15,005 - INFO - Added listing: 50744430
2022-01-16 14:07:15,092 - INFO - 49502344 has no rating
2022-01-16 14:07:15,092 - INFO - Added listing: 49502344
2022-01-16 14:07:15,115 - INFO - Total listings found: 180, Listings added: 118
2022-01-16 14:07:20,892 - INFO - Added listing: 28215021
2022-01-16 14:07:20,952 - INFO - 51728281 has no rating
2022-01-16 14:07:20,952 - INFO - Added listing: 51728281
2022-01-16 14:07:21,043 - INFO - Added listing: 52234647
2022-01-16 14:07:21,130 - INFO - Added listing: 24337722
2022-01-16 14:07:21,235 - INFO - Added listing: 29816287
2022-01-16 14:07:21,295 - INFO - 44950341 has no rating
2022-01-16 14:07:21,295 - INFO - Added listing: 44950341
2022-01-16 14:07:21,417 - INFO - Added listing: 17654123
2022-01-16 14:07:21,499 - INFO - Added listing: 53125815
2022-01-16 14:07:21,585 - INFO - Added listing: 931151
2022-01-16 14:07:21,668 - INFO - Added listing: 13600523
2022-01-16 14:07:21,728 - INFO - 53709304 has no rating
2022-01-16 14:07:21,728 - INFO - Added listing: 53709304
2022-01-16 14:07:21,817 - INFO - Added listing: 16841857
2022-01-16 14:07:21,934 - INFO - Added listing: 34392990
2022-01-16 14:07:22,015 - INFO - Added listing: 24442402
2022-01-16 14:07:22,121 - INFO - Added listing: 4736800
2022-01-16 14:07:22,121 - INFO - Total listings found: 200, Listings added: 133
2022-01-16 14:07:27,601 - INFO - Added listing: 1023348
2022-01-16 14:07:27,704 - INFO - Added listing: 18390507
2022-01-16 14:07:27,760 - INFO - 52670086 has no rating
2022-01-16 14:07:27,760 - INFO - Added listing: 52670086
2022-01-16 14:07:27,816 - INFO - 51814341 has no rating
2022-01-16 14:07:27,816 - INFO - Added listing: 51814341
2022-01-16 14:07:27,895 - INFO - Added listing: 22445124
2022-01-16 14:07:27,997 - INFO - Added listing: 24184848
2022-01-16 14:07:28,114 - INFO - Added listing: 4924035
2022-01-16 14:07:28,217 - INFO - Added listing: 12489082
2022-01-16 14:07:28,322 - INFO - Added listing: 52060181
2022-01-16 14:07:28,403 - INFO - Added listing: 17654520
2022-01-16 14:07:28,485 - INFO - Added listing: 26957924
2022-01-16 14:07:28,541 - INFO - 52931139 has no rating
2022-01-16 14:07:28,541 - INFO - Added listing: 52931139
2022-01-16 14:07:28,645 - INFO - Added listing: 34212295
2022-01-16 14:07:28,645 - INFO - Total listings found: 220, Listings added: 146
2022-01-16 14:07:34,236 - INFO - Added listing: 51799762
2022-01-16 14:07:34,321 - INFO - Added listing: 17654157
2022-01-16 14:07:34,415 - INFO - Added listing: 39989150
2022-01-16 14:07:34,508 - INFO - Added listing: 4759313
2022-01-16 14:07:34,593 - INFO - Added listing: 23563670
2022-01-16 14:07:34,679 - INFO - Added listing: 9729190
2022-01-16 14:07:34,767 - INFO - Added listing: 46529824
2022-01-16 14:07:34,859 - INFO - Added listing: 5791244
2022-01-16 14:07:34,918 - INFO - 42116124 has no rating
2022-01-16 14:07:34,918 - INFO - Added listing: 42116124
2022-01-16 14:07:35,013 - INFO - Added listing: 38849678
2022-01-16 14:07:35,115 - INFO - Added listing: 17652711
2022-01-16 14:07:35,219 - INFO - Added listing: 17654443
2022-01-16 14:07:35,305 - INFO - Added listing: 18614633
2022-01-16 14:07:35,393 - INFO - Added listing: 17096447
2022-01-16 14:07:35,488 - INFO - Added listing: 21607175
2022-01-16 14:07:35,545 - INFO - 41975010 has no rating
2022-01-16 14:07:35,545 - INFO - Added listing: 41975010
2022-01-16 14:07:35,628 - INFO - Added listing: 35968526
2022-01-16 14:07:35,760 - INFO - Added listing: 23257882
2022-01-16 14:07:35,760 - INFO - Total listings found: 240, Listings added: 164
2022-01-16 14:07:41,423 - INFO - Added listing: 46529601
2022-01-16 14:07:41,479 - INFO - 49011641 has no rating
2022-01-16 14:07:41,479 - INFO - Added listing: 49011641
2022-01-16 14:07:41,533 - INFO - 52769148 has no rating
2022-01-16 14:07:41,534 - INFO - Added listing: 52769148
2022-01-16 14:07:41,614 - INFO - Added listing: 18839204
2022-01-16 14:07:41,699 - INFO - Added listing: 930906
2022-01-16 14:07:41,779 - INFO - Added listing: 14536322
2022-01-16 14:07:41,860 - INFO - Added listing: 34393211
2022-01-16 14:07:41,940 - INFO - Added listing: 33336762
2022-01-16 14:07:42,026 - INFO - Added listing: 20775116
2022-01-16 14:07:42,106 - INFO - Added listing: 3475883
2022-01-16 14:07:42,187 - INFO - Added listing: 6847242
2022-01-16 14:07:42,244 - INFO - 51723159 has no rating
2022-01-16 14:07:42,244 - INFO - Added listing: 51723159
2022-01-16 14:07:42,329 - INFO - Added listing: 17655324
2022-01-16 14:07:42,414 - INFO - Added listing: 17652844
2022-01-16 14:07:42,497 - INFO - Added listing: 42894122
2022-01-16 14:07:42,583 - INFO - Added listing: 21229815
2022-01-16 14:07:42,672 - INFO - Added listing: 6385215
2022-01-16 14:07:42,753 - INFO - Added listing: 18875599
2022-01-16 14:07:42,789 - INFO - Total listings found: 260, Listings added: 182
2022-01-16 14:07:48,274 - INFO - Added listing: 17654473
2022-01-16 14:07:48,354 - INFO - Added listing: 52835308
2022-01-16 14:07:48,435 - INFO - Added listing: 3519954
2022-01-16 14:07:48,518 - INFO - Added listing: 17743238
2022-01-16 14:07:48,603 - INFO - Added listing: 14503389
2022-01-16 14:07:48,659 - INFO - 51654389 has no rating
2022-01-16 14:07:48,659 - INFO - Added listing: 51654389
2022-01-16 14:07:48,715 - INFO - 51759537 has no rating
2022-01-16 14:07:48,715 - INFO - Added listing: 51759537
2022-01-16 14:07:48,795 - INFO - Added listing: 30533497
2022-01-16 14:07:48,877 - INFO - Added listing: 42388112
2022-01-16 14:07:48,965 - INFO - Added listing: 21515080
2022-01-16 14:07:49,046 - INFO - Added listing: 30788187
2022-01-16 14:07:49,127 - INFO - Added listing: 20745288
2022-01-16 14:07:49,184 - INFO - 51815560 has no rating
2022-01-16 14:07:49,184 - INFO - Added listing: 51815560
2022-01-16 14:07:49,270 - INFO - Added listing: 17652453
2022-01-16 14:07:49,328 - INFO - 51758650 has no rating
2022-01-16 14:07:49,328 - INFO - Added listing: 51758650
2022-01-16 14:07:49,385 - INFO - 51768044 has no rating
2022-01-16 14:07:49,385 - INFO - Added listing: 51768044
2022-01-16 14:07:49,465 - INFO - Added listing: 30428472
2022-01-16 14:07:49,563 - INFO - Added listing: 18199963
2022-01-16 14:07:49,675 - INFO - Added listing: 17285749
2022-01-16 14:07:49,675 - INFO - Total listings found: 280, Listings added: 201
2022-01-16 14:07:55,129 - INFO - 53706529 has no rating
2022-01-16 14:07:55,129 - INFO - Added listing: 53706529
2022-01-16 14:07:55,185 - INFO - 53570038 has no rating
2022-01-16 14:07:55,185 - INFO - Added listing: 53570038
2022-01-16 14:07:55,270 - INFO - Added listing: 17654231
2022-01-16 14:07:55,327 - INFO - 54182456 has no rating
2022-01-16 14:07:55,327 - INFO - Added listing: 54182456
2022-01-16 14:07:55,407 - INFO - Added listing: 13586974
2022-01-16 14:07:55,464 - INFO - 40861337 has no rating
2022-01-16 14:07:55,464 - INFO - Added listing: 40861337
2022-01-16 14:07:55,565 - INFO - Added listing: 49362534
2022-01-16 14:07:55,655 - INFO - Added listing: 21243460
2022-01-16 14:07:55,736 - INFO - Added listing: 22840213
2022-01-16 14:07:55,812 - INFO - 45939299 has no rating
2022-01-16 14:07:55,812 - INFO - Added listing: 45939299
2022-01-16 14:07:55,869 - INFO - 44319631 has no rating
2022-01-16 14:07:55,870 - INFO - Added listing: 44319631
2022-01-16 14:07:55,951 - INFO - Added listing: 29303003
2022-01-16 14:07:56,038 - INFO - Added listing: 18875451
2022-01-16 14:07:56,097 - INFO - 45722411 has no rating
2022-01-16 14:07:56,097 - INFO - Added listing: 45722411
2022-01-16 14:07:56,178 - INFO - Added listing: 23608717
2022-01-16 14:07:56,260 - INFO - Added listing: 17655373
2022-01-16 14:07:56,345 - INFO - Added listing: 3474824
2022-01-16 14:07:56,427 - INFO - Added listing: 17652664
2022-01-16 14:07:56,427 - INFO - Total listings found: 300, Listings added: 219
2022-01-16 14:07:56,443 - INFO - ==========42.392917,-71.091828,42.31752,-71.185212completed search.
2022-01-16 14:07:56,443 - INFO - ----------42.31752,-70.998444,42.242123,-71.091828 starting search.
2022-01-16 14:07:56,443 - INFO - https://www.airbnb.com/s/Boston--MA--United-States/homes?tab_id=home_tab&query=Boston%2C%20MA%2C%20United%20States&place_id=ChIJGzE9DS1l44kRoOhiASS_fHg&ne_lat=42.31752&ne_lng=-70.998444&sw_lat=42.242123&sw_lng=-71.091828
2022-01-16 14:08:09,039 - INFO - Added listing: 52715830
2022-01-16 14:08:09,136 - INFO - Added listing: 22208867
2022-01-16 14:08:09,249 - INFO - Added listing: 44821182
2022-01-16 14:08:09,340 - INFO - Added listing: 35801698
2022-01-16 14:08:09,458 - INFO - Added listing: 17523133
2022-01-16 14:08:09,550 - INFO - Added listing: 29878773
2022-01-16 14:08:09,617 - INFO - 52716798 has no rating
2022-01-16 14:08:09,618 - INFO - Added listing: 52716798
2022-01-16 14:08:09,712 - INFO - Added listing: 33156025
2022-01-16 14:08:09,784 - INFO - 25531778 has no rating
2022-01-16 14:08:09,784 - INFO - Added listing: 25531778
2022-01-16 14:08:09,902 - INFO - Added listing: 17810176
2022-01-16 14:08:10,009 - INFO - Added listing: 25025114
2022-01-16 14:08:10,124 - INFO - 50444055 has no rating
2022-01-16 14:08:10,125 - INFO - Added listing: 50444055
2022-01-16 14:08:10,242 - INFO - Added listing: 1321422
2022-01-16 14:08:10,242 - INFO - Total listings found: 20, Listings added: 13
2022-01-16 14:08:15,882 - INFO - Added listing: 27934005
2022-01-16 14:08:15,993 - INFO - Added listing: 21427332
2022-01-16 14:08:16,237 - INFO - 46529051 has no rating
2022-01-16 14:08:16,237 - INFO - Added listing: 46529051
2022-01-16 14:08:16,368 - INFO - Added listing: 40485312
2022-01-16 14:08:16,459 - INFO - Added listing: 7239024
2022-01-16 14:08:16,548 - INFO - Added listing: 21661811
2022-01-16 14:08:16,627 - INFO - Added listing: 33682929
2022-01-16 14:08:16,724 - INFO - Added listing: 32197096
2022-01-16 14:08:16,807 - INFO - Added listing: 21484706
2022-01-16 14:08:16,862 - INFO - 46551115 has no rating
2022-01-16 14:08:16,863 - INFO - Added listing: 46551115
2022-01-16 14:08:16,963 - INFO - Added listing: 25395117
2022-01-16 14:08:17,078 - INFO - Added listing: 4755586
2022-01-16 14:08:17,169 - INFO - Added listing: 44898626
2022-01-16 14:08:17,279 - INFO - Added listing: 35517192
2022-01-16 14:08:17,509 - INFO - 48378476 has no rating
2022-01-16 14:08:17,509 - INFO - Added listing: 48378476
2022-01-16 14:08:17,509 - INFO - Total listings found: 40, Listings added: 28
2022-01-16 14:08:23,059 - INFO - Added listing: 49563625
2022-01-16 14:08:23,138 - INFO - Added listing: 21438236
2022-01-16 14:08:23,217 - INFO - Added listing: 18368646
2022-01-16 14:08:23,295 - INFO - Added listing: 27074605
2022-01-16 14:08:23,378 - INFO - Added listing: 45102144
2022-01-16 14:08:23,456 - INFO - Added listing: 15821724
2022-01-16 14:08:23,534 - INFO - Added listing: 40983705
2022-01-16 14:08:23,613 - INFO - Added listing: 29711943
2022-01-16 14:08:23,694 - INFO - Added listing: 17300316
2022-01-16 14:08:23,775 - INFO - Added listing: 39469475
2022-01-16 14:08:23,830 - INFO - 51742088 has no rating
2022-01-16 14:08:23,830 - INFO - Added listing: 51742088
2022-01-16 14:08:23,926 - INFO - Added listing: 25416313
2022-01-16 14:08:24,067 - INFO - Added listing: 35678603
2022-01-16 14:08:24,166 - INFO - Added listing: 47356077
2022-01-16 14:08:24,166 - INFO - Total listings found: 60, Listings added: 42
2022-01-16 14:08:29,660 - INFO - Added listing: 19373388
2022-01-16 14:08:29,742 - INFO - Added listing: 19123216
2022-01-16 14:08:29,822 - INFO - Added listing: 27903248
2022-01-16 14:08:29,909 - INFO - Added listing: 25869177
2022-01-16 14:08:30,029 - INFO - Added listing: 27960874
2022-01-16 14:08:30,107 - INFO - Added listing: 53631121
2022-01-16 14:08:30,189 - INFO - Added listing: 39890651
2022-01-16 14:08:30,268 - INFO - Added listing: 6780077
2022-01-16 14:08:30,350 - INFO - Added listing: 9451845
2022-01-16 14:08:30,441 - INFO - Added listing: 40485818
2022-01-16 14:08:30,538 - INFO - Added listing: 19143984
2022-01-16 14:08:30,617 - INFO - Added listing: 48960619
2022-01-16 14:08:30,698 - INFO - Added listing: 28033271
2022-01-16 14:08:30,799 - INFO - Added listing: 14993599
2022-01-16 14:08:30,878 - INFO - Added listing: 16013285
2022-01-16 14:08:30,957 - INFO - Added listing: 44248864
2022-01-16 14:08:31,047 - INFO - Added listing: 47353854
2022-01-16 14:08:31,047 - INFO - Total listings found: 80, Listings added: 59
2022-01-16 14:08:36,551 - INFO - Added listing: 28071995
2022-01-16 14:08:36,642 - INFO - 42869298 has no rating
2022-01-16 14:08:36,642 - INFO - Added listing: 42869298
2022-01-16 14:08:36,721 - INFO - Added listing: 21438289
2022-01-16 14:08:36,805 - INFO - Added listing: 15521407
2022-01-16 14:08:36,884 - INFO - Added listing: 48731143
2022-01-16 14:08:36,963 - INFO - Added listing: 40485953
2022-01-16 14:08:37,042 - INFO - Added listing: 3344322
2022-01-16 14:08:37,125 - INFO - Added listing: 53631431
2022-01-16 14:08:37,205 - INFO - Added listing: 26066073
2022-01-16 14:08:37,292 - INFO - Added listing: 52059144
2022-01-16 14:08:37,372 - INFO - Added listing: 33162602
2022-01-16 14:08:37,449 - INFO - 31185088 has no rating
2022-01-16 14:08:37,449 - INFO - Added listing: 31185088
2022-01-16 14:08:37,550 - INFO - Added listing: 38311023
2022-01-16 14:08:37,630 - INFO - Added listing: 39893738
2022-01-16 14:08:37,710 - INFO - Added listing: 16671164
2022-01-16 14:08:37,796 - INFO - Added listing: 24783227
2022-01-16 14:08:37,796 - INFO - Total listings found: 100, Listings added: 75
2022-01-16 14:08:43,287 - INFO - Added listing: 179245
2022-01-16 14:08:43,387 - INFO - Added listing: 7222349
2022-01-16 14:08:43,472 - INFO - Added listing: 20645061
2022-01-16 14:08:43,569 - INFO - Added listing: 21437426
2022-01-16 14:08:43,649 - INFO - Added listing: 26542296
2022-01-16 14:08:43,706 - INFO - 53631585 has no rating
2022-01-16 14:08:43,707 - INFO - Added listing: 53631585
2022-01-16 14:08:43,789 - INFO - Added listing: 3294152
2022-01-16 14:08:43,869 - INFO - Added listing: 12040113
2022-01-16 14:08:43,950 - INFO - Added listing: 48960486
2022-01-16 14:08:44,032 - INFO - Added listing: 23791827
2022-01-16 14:08:44,116 - INFO - Added listing: 15256830
2022-01-16 14:08:44,198 - INFO - Added listing: 23780136
2022-01-16 14:08:44,280 - INFO - Added listing: 48210680
2022-01-16 14:08:44,360 - INFO - Added listing: 27898511
2022-01-16 14:08:44,421 - INFO - 42534167 has no rating
2022-01-16 14:08:44,421 - INFO - Added listing: 42534167
2022-01-16 14:08:44,480 - INFO - 42865775 has no rating
2022-01-16 14:08:44,481 - INFO - Added listing: 42865775
2022-01-16 14:08:44,560 - INFO - Added listing: 20439495
2022-01-16 14:08:44,640 - INFO - Added listing: 22570371
2022-01-16 14:08:44,640 - INFO - Total listings found: 120, Listings added: 93
2022-01-16 14:08:50,093 - INFO - 41706168 has no rating
2022-01-16 14:08:50,094 - INFO - Added listing: 41706168
2022-01-16 14:08:50,173 - INFO - Added listing: 21007754
2022-01-16 14:08:50,248 - INFO - 54152868 has no rating
2022-01-16 14:08:50,248 - INFO - Added listing: 54152868
2022-01-16 14:08:50,332 - INFO - Added listing: 40287437
2022-01-16 14:08:50,413 - INFO - Added listing: 37915436
2022-01-16 14:08:50,496 - INFO - Added listing: 22105037
2022-01-16 14:08:50,577 - INFO - Added listing: 26159094
2022-01-16 14:08:50,637 - INFO - 54263774 has no rating
2022-01-16 14:08:50,637 - INFO - Added listing: 54263774
2022-01-16 14:08:50,718 - INFO - Added listing: 48960170
2022-01-16 14:08:50,803 - INFO - Added listing: 23668146
2022-01-16 14:08:50,890 - INFO - Added listing: 47795398
2022-01-16 14:08:50,964 - INFO - 23947734 has no rating
2022-01-16 14:08:50,964 - INFO - Added listing: 23947734
2022-01-16 14:08:51,024 - INFO - 53746075 has no rating
2022-01-16 14:08:51,024 - INFO - Added listing: 53746075
2022-01-16 14:08:51,105 - INFO - Added listing: 42359489
2022-01-16 14:08:51,207 - INFO - Added listing: 20634420
2022-01-16 14:08:51,288 - INFO - Added listing: 1128894
2022-01-16 14:08:51,373 - INFO - Added listing: 53030125
2022-01-16 14:08:51,429 - INFO - 53184370 has no rating
2022-01-16 14:08:51,430 - INFO - Added listing: 53184370
2022-01-16 14:08:51,430 - INFO - Total listings found: 140, Listings added: 111
2022-01-16 14:08:57,125 - INFO - Added listing: 2000797
2022-01-16 14:08:57,202 - INFO - Added listing: 50919398
2022-01-16 14:08:57,283 - INFO - Added listing: 36567248
2022-01-16 14:08:57,361 - INFO - Added listing: 27990984
2022-01-16 14:08:57,438 - INFO - Added listing: 30253609
2022-01-16 14:08:57,516 - INFO - Added listing: 17223845
2022-01-16 14:08:57,598 - INFO - Added listing: 25545548
2022-01-16 14:08:57,678 - INFO - Added listing: 9685085
2022-01-16 14:08:57,733 - INFO - 53746139 has no rating
2022-01-16 14:08:57,733 - INFO - Added listing: 53746139
2022-01-16 14:08:57,819 - INFO - Added listing: 47354776
2022-01-16 14:08:57,900 - INFO - Added listing: 43525333
2022-01-16 14:08:57,996 - INFO - Added listing: 32102560
2022-01-16 14:08:58,051 - INFO - 13101134 has no rating
2022-01-16 14:08:58,051 - INFO - Added listing: 13101134
2022-01-16 14:08:58,106 - INFO - 53745834 has no rating
2022-01-16 14:08:58,106 - INFO - Added listing: 53745834
2022-01-16 14:08:58,161 - INFO - 53745965 has no rating
2022-01-16 14:08:58,161 - INFO - Added listing: 53745965
2022-01-16 14:08:58,241 - INFO - Added listing: 24756613
2022-01-16 14:08:58,319 - INFO - Added listing: 179244
2022-01-16 14:08:58,374 - INFO - 41666852 has no rating
2022-01-16 14:08:58,374 - INFO - Added listing: 41666852
2022-01-16 14:08:58,374 - INFO - Total listings found: 160, Listings added: 129
2022-01-16 14:09:03,879 - INFO - Added listing: 17222935
2022-01-16 14:09:03,934 - INFO - 42535434 has no rating
2022-01-16 14:09:03,934 - INFO - Added listing: 42535434
2022-01-16 14:09:04,012 - INFO - Added listing: 17849739
2022-01-16 14:09:04,073 - INFO - 51577140 has no rating
2022-01-16 14:09:04,073 - INFO - Added listing: 51577140
2022-01-16 14:09:04,127 - INFO - 24718406 has no rating
2022-01-16 14:09:04,127 - INFO - Added listing: 24718406
2022-01-16 14:09:04,204 - INFO - Added listing: 32016148
2022-01-16 14:09:04,282 - INFO - Added listing: 41283883
2022-01-16 14:09:04,363 - INFO - Added listing: 33966889
2022-01-16 14:09:04,418 - INFO - 53745764 has no rating
2022-01-16 14:09:04,418 - INFO - Added listing: 53745764
2022-01-16 14:09:04,472 - INFO - 24034961 has no rating
2022-01-16 14:09:04,472 - INFO - Added listing: 24034961
2022-01-16 14:09:04,550 - INFO - Added listing: 23924118
2022-01-16 14:09:04,608 - INFO - 54153021 has no rating
2022-01-16 14:09:04,608 - INFO - Added listing: 54153021
2022-01-16 14:09:04,662 - INFO - 42438575 has no rating
2022-01-16 14:09:04,662 - INFO - Added listing: 42438575
2022-01-16 14:09:04,748 - INFO - Added listing: 7789961
2022-01-16 14:09:04,803 - INFO - 44292070 has no rating
2022-01-16 14:09:04,803 - INFO - Added listing: 44292070
2022-01-16 14:09:04,859 - INFO - 49902733 has no rating
2022-01-16 14:09:04,859 - INFO - Added listing: 49902733
2022-01-16 14:09:04,914 - INFO - 43021890 has no rating
2022-01-16 14:09:04,914 - INFO - Added listing: 43021890
2022-01-16 14:09:04,993 - INFO - Added listing: 50009924
2022-01-16 14:09:05,050 - INFO - 497130680341365406 has no rating
2022-01-16 14:09:05,050 - INFO - Added listing: 497130680341365406
2022-01-16 14:09:05,131 - INFO - Added listing: 48030134
2022-01-16 14:09:05,132 - INFO - Total listings found: 180, Listings added: 149
2022-01-16 14:09:10,580 - INFO - 42438692 has no rating
2022-01-16 14:09:10,580 - INFO - Added listing: 42438692
2022-01-16 14:09:10,634 - INFO - 41907280 has no rating
2022-01-16 14:09:10,634 - INFO - Added listing: 41907280
2022-01-16 14:09:10,713 - INFO - Added listing: 377474
2022-01-16 14:09:10,795 - INFO - Added listing: 52541764
2022-01-16 14:09:10,854 - INFO - 41645010 has no rating
2022-01-16 14:09:10,855 - INFO - Added listing: 41645010
2022-01-16 14:09:10,932 - INFO - Added listing: 51536008
2022-01-16 14:09:11,011 - INFO - Added listing: 14086516
2022-01-16 14:09:11,090 - INFO - Added listing: 20959409
2022-01-16 14:09:11,150 - INFO - 40023655 has no rating
2022-01-16 14:09:11,150 - INFO - Added listing: 40023655
2022-01-16 14:09:11,206 - INFO - 42910591 has no rating
2022-01-16 14:09:11,206 - INFO - Added listing: 42910591
2022-01-16 14:09:11,287 - INFO - Added listing: 43776076
2022-01-16 14:09:11,343 - INFO - 42951643 has no rating
2022-01-16 14:09:11,344 - INFO - Added listing: 42951643
2022-01-16 14:09:11,425 - INFO - Added listing: 52647329
2022-01-16 14:09:11,528 - INFO - Added listing: 33199446
2022-01-16 14:09:11,584 - INFO - 42750982 has no rating
2022-01-16 14:09:11,584 - INFO - Added listing: 42750982
2022-01-16 14:09:11,663 - INFO - Added listing: 21141934
2022-01-16 14:09:11,741 - INFO - Added listing: 34149585
2022-01-16 14:09:11,826 - INFO - Added listing: 28508720
2022-01-16 14:09:11,884 - INFO - 53745560 has no rating
2022-01-16 14:09:11,884 - INFO - Added listing: 53745560
2022-01-16 14:09:11,963 - INFO - Added listing: 28014596
2022-01-16 14:09:11,963 - INFO - Total listings found: 200, Listings added: 169
2022-01-16 14:09:17,421 - INFO - 52453541 has no rating
2022-01-16 14:09:17,422 - INFO - Added listing: 52453541
2022-01-16 14:09:17,500 - INFO - Added listing: 17704067
2022-01-16 14:09:17,555 - INFO - 53827417 has no rating
2022-01-16 14:09:17,555 - INFO - Added listing: 53827417
2022-01-16 14:09:17,636 - INFO - Added listing: 19885281
2022-01-16 14:09:17,720 - INFO - Added listing: 19885345
2022-01-16 14:09:17,799 - INFO - Added listing: 31039035
2022-01-16 14:09:17,883 - INFO - Added listing: 14600925
2022-01-16 14:09:17,966 - INFO - Added listing: 48942888
2022-01-16 14:09:18,049 - INFO - Added listing: 21826608
2022-01-16 14:09:18,104 - INFO - 52919269 has no rating
2022-01-16 14:09:18,105 - INFO - Added listing: 52919269
2022-01-16 14:09:18,190 - INFO - Added listing: 21233295
2022-01-16 14:09:18,296 - INFO - Added listing: 11376403
2022-01-16 14:09:18,392 - INFO - Added listing: 12175961
2022-01-16 14:09:18,483 - INFO - Added listing: 20269422
2022-01-16 14:09:18,568 - INFO - Added listing: 12103501
2022-01-16 14:09:18,647 - INFO - Added listing: 40134838
2022-01-16 14:09:18,731 - INFO - Added listing: 9685076
2022-01-16 14:09:18,810 - INFO - Added listing: 205894
2022-01-16 14:09:18,866 - INFO - 53174170 has no rating
2022-01-16 14:09:18,866 - INFO - Added listing: 53174170
2022-01-16 14:09:18,866 - INFO - Total listings found: 220, Listings added: 188
2022-01-16 14:09:24,631 - INFO - Added listing: 11258721
2022-01-16 14:09:24,711 - INFO - Added listing: 49127722
2022-01-16 14:09:24,795 - INFO - Added listing: 35940859
2022-01-16 14:09:24,873 - INFO - Added listing: 21826196
2022-01-16 14:09:24,953 - INFO - Added listing: 11759332
2022-01-16 14:09:25,033 - INFO - Added listing: 13866351
2022-01-16 14:09:25,115 - INFO - Added listing: 14242888
2022-01-16 14:09:25,200 - INFO - Added listing: 41415978
2022-01-16 14:09:25,280 - INFO - Added listing: 50007180
2022-01-16 14:09:25,367 - INFO - Added listing: 28770914
2022-01-16 14:09:25,449 - INFO - Added listing: 19918817
2022-01-16 14:09:25,532 - INFO - Added listing: 21824635
2022-01-16 14:09:25,611 - INFO - Added listing: 40012564
2022-01-16 14:09:25,667 - INFO - 52259778 has no rating
2022-01-16 14:09:25,667 - INFO - Added listing: 52259778
2022-01-16 14:09:25,746 - INFO - Added listing: 42517503
2022-01-16 14:09:25,829 - INFO - Added listing: 43690440
2022-01-16 14:09:25,908 - INFO - Added listing: 50009772
2022-01-16 14:09:25,964 - INFO - 52681035 has no rating
2022-01-16 14:09:25,964 - INFO - Added listing: 52681035
2022-01-16 14:09:26,065 - INFO - Added listing: 52672205
2022-01-16 14:09:26,065 - INFO - Total listings found: 240, Listings added: 207
2022-01-16 14:09:31,567 - INFO - Added listing: 33959759
2022-01-16 14:09:31,645 - INFO - Added listing: 50952703
2022-01-16 14:09:31,725 - INFO - Added listing: 36977405
2022-01-16 14:09:31,809 - INFO - Added listing: 16447567
2022-01-16 14:09:31,907 - INFO - Added listing: 20552814
2022-01-16 14:09:31,968 - INFO - 53248625 has no rating
2022-01-16 14:09:31,968 - INFO - Added listing: 53248625
2022-01-16 14:09:32,048 - INFO - Added listing: 9494212
2022-01-16 14:09:32,104 - INFO - 45948516 has no rating
2022-01-16 14:09:32,104 - INFO - Added listing: 45948516
2022-01-16 14:09:32,162 - INFO - 51143502 has no rating
2022-01-16 14:09:32,162 - INFO - Added listing: 51143502
2022-01-16 14:09:32,220 - INFO - 52259459 has no rating
2022-01-16 14:09:32,220 - INFO - Added listing: 52259459
2022-01-16 14:09:32,278 - INFO - 53745680 has no rating
2022-01-16 14:09:32,278 - INFO - Added listing: 53745680
2022-01-16 14:09:32,338 - INFO - 52681432 has no rating
2022-01-16 14:09:32,338 - INFO - Added listing: 52681432
2022-01-16 14:09:32,418 - INFO - Added listing: 49751597
2022-01-16 14:09:32,497 - INFO - Added listing: 26453232
2022-01-16 14:09:32,579 - INFO - Added listing: 14747561
2022-01-16 14:09:32,636 - INFO - 52298417 has no rating
2022-01-16 14:09:32,636 - INFO - Added listing: 52298417
2022-01-16 14:09:32,696 - INFO - 21140575 has no rating
2022-01-16 14:09:32,697 - INFO - Added listing: 21140575
2022-01-16 14:09:32,776 - INFO - Added listing: 3193484
2022-01-16 14:09:32,857 - INFO - Added listing: 21428755
2022-01-16 14:09:32,938 - INFO - Added listing: 15710997
2022-01-16 14:09:32,938 - INFO - Total listings found: 260, Listings added: 227
2022-01-16 14:09:38,420 - INFO - Added listing: 26750505
2022-01-16 14:09:38,500 - INFO - Added listing: 52373693
2022-01-16 14:09:38,581 - INFO - Added listing: 31650382
2022-01-16 14:09:38,638 - INFO - 52630071 has no rating
2022-01-16 14:09:38,638 - INFO - Added listing: 52630071
2022-01-16 14:09:38,695 - INFO - 47174982 has no rating
2022-01-16 14:09:38,695 - INFO - Added listing: 47174982
2022-01-16 14:09:38,781 - INFO - Added listing: 18159981
2022-01-16 14:09:38,862 - INFO - Added listing: 41645478
2022-01-16 14:09:38,937 - INFO - 51745057 has no rating
2022-01-16 14:09:38,937 - INFO - Added listing: 51745057
2022-01-16 14:09:39,019 - INFO - Added listing: 5371051
2022-01-16 14:09:39,107 - INFO - Added listing: 315982
2022-01-16 14:09:39,164 - INFO - 46620755 has no rating
2022-01-16 14:09:39,164 - INFO - Added listing: 46620755
2022-01-16 14:09:39,220 - INFO - 53772385 has no rating
2022-01-16 14:09:39,220 - INFO - Added listing: 53772385
2022-01-16 14:09:39,305 - INFO - Added listing: 48056046
2022-01-16 14:09:39,386 - INFO - Added listing: 24870594
2022-01-16 14:09:39,473 - INFO - Added listing: 35909970
2022-01-16 14:09:39,553 - INFO - Added listing: 3929586
2022-01-16 14:09:39,633 - INFO - Added listing: 8904656
2022-01-16 14:09:39,712 - INFO - Added listing: 48464723
2022-01-16 14:09:39,796 - INFO - Added listing: 49051734
2022-01-16 14:09:39,796 - INFO - Total listings found: 280, Listings added: 246
2022-01-16 14:09:45,287 - INFO - Added listing: 24598890
2022-01-16 14:09:45,344 - INFO - 50267699 has no rating
2022-01-16 14:09:45,344 - INFO - Added listing: 50267699
2022-01-16 14:09:45,429 - INFO - Added listing: 16239455
2022-01-16 14:09:45,516 - INFO - Added listing: 20788754
2022-01-16 14:09:45,598 - INFO - Added listing: 36775500
2022-01-16 14:09:45,680 - INFO - Added listing: 47536459
2022-01-16 14:09:45,762 - INFO - Added listing: 21204902
2022-01-16 14:09:45,848 - INFO - Added listing: 530983
2022-01-16 14:09:45,905 - INFO - 52670664 has no rating
2022-01-16 14:09:45,905 - INFO - Added listing: 52670664
2022-01-16 14:09:45,990 - INFO - Added listing: 49076097
2022-01-16 14:09:46,072 - INFO - Added listing: 43690782
2022-01-16 14:09:46,154 - INFO - Added listing: 49127943
2022-01-16 14:09:46,242 - INFO - Added listing: 40439006
2022-01-16 14:09:46,324 - INFO - Added listing: 27990441
2022-01-16 14:09:46,412 - INFO - Added listing: 49586981
2022-01-16 14:09:46,470 - INFO - 7052448 has no rating
2022-01-16 14:09:46,470 - INFO - Added listing: 7052448
2022-01-16 14:09:46,554 - INFO - Added listing: 6898438
2022-01-16 14:09:46,636 - INFO - Added listing: 36000657
2022-01-16 14:09:46,718 - INFO - Added listing: 37021350
2022-01-16 14:09:46,800 - INFO - Added listing: 37686932
2022-01-16 14:09:46,800 - INFO - Total listings found: 300, Listings added: 266
2022-01-16 14:09:46,817 - INFO - ==========42.31752,-70.998444,42.242123,-71.091828completed search.
2022-01-16 14:09:46,987 - INFO - ==========42.392917,-70.998444,42.242123,-71.185212completed search.
