2022-01-16 13:28:24,330 - INFO - ----------42.37247755007246,-71.012691,42.290420,-71.113040 starting search.
2022-01-16 13:28:33,969 - INFO - Added listing: 45346226
2022-01-16 13:28:34,066 - INFO - Added listing: 53462344
2022-01-16 13:28:34,155 - INFO - Added listing: 45449241
2022-01-16 13:28:34,242 - INFO - 53808064 has no rating
2022-01-16 13:28:34,242 - INFO - Added listing: 53808064
2022-01-16 13:28:34,332 - INFO - Added listing: 45349044
2022-01-16 13:28:34,430 - INFO - 41740613 has no rating
2022-01-16 13:28:34,430 - INFO - Added listing: 41740613
2022-01-16 13:28:34,548 - INFO - Added listing: 48952329
2022-01-16 13:28:34,662 - INFO - Added listing: 19117781
2022-01-16 13:28:34,764 - INFO - Added listing: 8402408
2022-01-16 13:28:34,863 - INFO - Added listing: 43012146
2022-01-16 13:28:34,962 - INFO - Added listing: 19346436
2022-01-16 13:28:35,052 - INFO - Added listing: 53115918
2022-01-16 13:28:35,143 - INFO - Added listing: 36237250
2022-01-16 13:28:35,293 - INFO - Added listing: 52367380
2022-01-16 13:28:35,407 - INFO - Added listing: 12318450
2022-01-16 13:28:35,499 - INFO - Added listing: 45349148
2022-01-16 13:28:35,591 - INFO - Added listing: 6489209
2022-01-16 13:28:35,681 - INFO - Added listing: 26428050
2022-01-16 13:28:35,770 - INFO - Added listing: 29682500
2022-01-16 13:28:35,864 - INFO - Added listing: 52368911
2022-01-16 13:28:35,864 - INFO - Total listings found: 20, Listings added: 20
2022-01-16 13:28:41,479 - INFO - Added listing: 33016886
2022-01-16 13:28:41,565 - INFO - Added listing: 53462366
2022-01-16 13:28:41,648 - INFO - Added listing: 18584891
2022-01-16 13:28:41,727 - INFO - Added listing: 45347651
2022-01-16 13:28:41,780 - INFO - 48014691 has no rating
2022-01-16 13:28:41,780 - INFO - Added listing: 48014691
2022-01-16 13:28:41,837 - INFO - 51377020 has no rating
2022-01-16 13:28:41,837 - INFO - Added listing: 51377020
2022-01-16 13:28:41,913 - INFO - Added listing: 19140676
2022-01-16 13:28:41,990 - INFO - Added listing: 49024263
2022-01-16 13:28:42,067 - INFO - Added listing: 6089865
2022-01-16 13:28:42,147 - INFO - Added listing: 50898660
2022-01-16 13:28:42,204 - INFO - 39818553 has no rating
2022-01-16 13:28:42,204 - INFO - Added listing: 39818553
2022-01-16 13:28:42,280 - INFO - Added listing: 48730960
2022-01-16 13:28:42,357 - INFO - Added listing: 22267104
2022-01-16 13:28:42,434 - INFO - Added listing: 53215621
2022-01-16 13:28:42,516 - INFO - Added listing: 3510127
2022-01-16 13:28:42,594 - INFO - Added listing: 7614517
2022-01-16 13:28:42,672 - INFO - Added listing: 32723746
2022-01-16 13:28:42,727 - INFO - 46232976 has no rating
2022-01-16 13:28:42,728 - INFO - Added listing: 46232976
2022-01-16 13:28:42,823 - INFO - Added listing: 53123543
2022-01-16 13:28:42,900 - INFO - Added listing: 33245746
2022-01-16 13:28:42,900 - INFO - Total listings found: 40, Listings added: 40
2022-01-16 13:28:48,361 - INFO - Added listing: 4568116
2022-01-16 13:28:48,437 - INFO - Added listing: 51804426
2022-01-16 13:28:48,514 - INFO - Added listing: 916123
2022-01-16 13:28:48,598 - INFO - Added listing: 19346242
2022-01-16 13:28:48,675 - INFO - Added listing: 50175794
2022-01-16 13:28:48,752 - INFO - Added listing: 29034417
2022-01-16 13:28:48,829 - INFO - Added listing: 50870667
2022-01-16 13:28:48,908 - INFO - Added listing: 24888817
2022-01-16 13:28:48,985 - INFO - Added listing: 15376003
2022-01-16 13:28:49,067 - INFO - Added listing: 49041122
2022-01-16 13:28:49,145 - INFO - Added listing: 7330494
2022-01-16 13:28:49,226 - INFO - Added listing: 45786202
2022-01-16 13:28:49,303 - INFO - Added listing: 15148487
2022-01-16 13:28:49,382 - INFO - Added listing: 30080995
2022-01-16 13:28:49,459 - INFO - Added listing: 48730619
2022-01-16 13:28:49,540 - INFO - Added listing: 19911587
2022-01-16 13:28:49,622 - INFO - Added listing: 49513299
2022-01-16 13:28:49,699 - INFO - Added listing: 51731513
2022-01-16 13:28:49,776 - INFO - Added listing: 29390698
2022-01-16 13:28:49,856 - INFO - Added listing: 45332401
2022-01-16 13:28:49,856 - INFO - Total listings found: 60, Listings added: 60
2022-01-16 13:28:55,348 - INFO - Added listing: 38134488
2022-01-16 13:28:55,430 - INFO - Added listing: 53105759
2022-01-16 13:28:55,507 - INFO - Added listing: 1225831
2022-01-16 13:28:55,585 - INFO - Added listing: 50898388
2022-01-16 13:28:55,666 - INFO - Added listing: 815639
2022-01-16 13:28:55,748 - INFO - Added listing: 44522245
2022-01-16 13:28:55,827 - INFO - Added listing: 48601455
2022-01-16 13:28:55,904 - INFO - Added listing: 51154191
2022-01-16 13:28:55,982 - INFO - Added listing: 14142611
2022-01-16 13:28:56,065 - INFO - Added listing: 20785742
2022-01-16 13:28:56,143 - INFO - Added listing: 48093039
2022-01-16 13:28:56,221 - INFO - Added listing: 22265939
2022-01-16 13:28:56,303 - INFO - Added listing: 5927267
2022-01-16 13:28:56,389 - INFO - Added listing: 21769647
2022-01-16 13:28:56,468 - INFO - Added listing: 49414402
2022-01-16 13:28:56,559 - INFO - Added listing: 5166870
2022-01-16 13:28:56,637 - INFO - Added listing: 26429034
2022-01-16 13:28:56,722 - INFO - Added listing: 34785693
2022-01-16 13:28:56,801 - INFO - Added listing: 28952923
2022-01-16 13:28:56,879 - INFO - Added listing: 53212625
2022-01-16 13:28:56,879 - INFO - Total listings found: 80, Listings added: 80
2022-01-16 13:29:02,355 - INFO - Added listing: 48822437
2022-01-16 13:29:02,434 - INFO - Added listing: 26418311
2022-01-16 13:29:02,512 - INFO - Added listing: 7911936
2022-01-16 13:29:02,595 - INFO - Added listing: 33352473
2022-01-16 13:29:02,673 - INFO - Added listing: 50898544
2022-01-16 13:29:02,754 - INFO - Added listing: 33245987
2022-01-16 13:29:02,834 - INFO - Added listing: 33352471
2022-01-16 13:29:02,916 - INFO - Added listing: 53124097
2022-01-16 13:29:02,996 - INFO - Added listing: 13294153
2022-01-16 13:29:03,076 - INFO - Added listing: 32900803
2022-01-16 13:29:03,165 - INFO - Added listing: 15342021
2022-01-16 13:29:03,258 - INFO - Added listing: 33067776
2022-01-16 13:29:03,336 - INFO - Added listing: 52516299
2022-01-16 13:29:03,415 - INFO - Added listing: 25770647
2022-01-16 13:29:03,496 - INFO - Added listing: 45180951
2022-01-16 13:29:03,575 - INFO - Added listing: 50730611
2022-01-16 13:29:03,653 - INFO - Added listing: 21350397
2022-01-16 13:29:03,731 - INFO - Added listing: 6882615
2022-01-16 13:29:03,816 - INFO - Added listing: 26502467
2022-01-16 13:29:03,894 - INFO - Added listing: 48282995
2022-01-16 13:29:03,894 - INFO - Total listings found: 100, Listings added: 100
2022-01-16 13:29:09,517 - INFO - Added listing: 29739809
2022-01-16 13:29:09,595 - INFO - Added listing: 52367763
2022-01-16 13:29:09,678 - INFO - Added listing: 29806399
2022-01-16 13:29:09,755 - INFO - Added listing: 8082512
2022-01-16 13:29:09,833 - INFO - Added listing: 51284572
2022-01-16 13:29:09,916 - INFO - Added listing: 33072598
2022-01-16 13:29:09,997 - INFO - Added listing: 13829133
2022-01-16 13:29:10,075 - INFO - Added listing: 28561917
2022-01-16 13:29:10,155 - INFO - Added listing: 35915047
2022-01-16 13:29:10,237 - INFO - Added listing: 48439840
2022-01-16 13:29:10,294 - INFO - 53771967 has no rating
2022-01-16 13:29:10,295 - INFO - Added listing: 53771967
2022-01-16 13:29:10,373 - INFO - Added listing: 29904919
2022-01-16 13:29:10,451 - INFO - Added listing: 17616603
2022-01-16 13:29:10,529 - INFO - Added listing: 4090224
2022-01-16 13:29:10,610 - INFO - Added listing: 48611199
2022-01-16 13:29:10,687 - INFO - Added listing: 50341639
2022-01-16 13:29:10,766 - INFO - Added listing: 50631125
2022-01-16 13:29:10,844 - INFO - Added listing: 2538983
2022-01-16 13:29:10,929 - INFO - Added listing: 7713815
2022-01-16 13:29:11,007 - INFO - Added listing: 22265937
2022-01-16 13:29:11,008 - INFO - Total listings found: 120, Listings added: 120
2022-01-16 13:29:16,524 - INFO - Added listing: 20797694
2022-01-16 13:29:16,603 - INFO - Added listing: 21190750
2022-01-16 13:29:16,682 - INFO - Added listing: 31057539
2022-01-16 13:29:16,765 - INFO - Added listing: 14943350
2022-01-16 13:29:16,845 - INFO - Added listing: 46527422
2022-01-16 13:29:16,924 - INFO - Added listing: 20723594
2022-01-16 13:29:17,007 - INFO - Added listing: 7513906
2022-01-16 13:29:17,090 - INFO - Added listing: 45144603
2022-01-16 13:29:17,169 - INFO - Added listing: 22788158
2022-01-16 13:29:17,249 - INFO - Added listing: 52813403
2022-01-16 13:29:17,328 - INFO - Added listing: 766700
2022-01-16 13:29:17,410 - INFO - Added listing: 48103324
2022-01-16 13:29:17,490 - INFO - Added listing: 48364663
2022-01-16 13:29:17,571 - INFO - Added listing: 51681067
2022-01-16 13:29:17,650 - INFO - Added listing: 45539765
2022-01-16 13:29:17,732 - INFO - Added listing: 52367775
2022-01-16 13:29:17,811 - INFO - Added listing: 50194533
2022-01-16 13:29:17,890 - INFO - Added listing: 32762186
2022-01-16 13:29:17,985 - INFO - Added listing: 48941504
2022-01-16 13:29:18,065 - INFO - Added listing: 35916196
2022-01-16 13:29:18,065 - INFO - Total listings found: 140, Listings added: 140
2022-01-16 13:29:23,569 - INFO - Added listing: 7513605
2022-01-16 13:29:23,671 - INFO - Added listing: 11202183
2022-01-16 13:29:23,750 - INFO - Added listing: 891661
2022-01-16 13:29:23,830 - INFO - Added listing: 33072838
2022-01-16 13:29:23,909 - INFO - Added listing: 41765021
2022-01-16 13:29:23,993 - INFO - Added listing: 47907616
2022-01-16 13:29:24,079 - INFO - Added listing: 51234805
2022-01-16 13:29:24,161 - INFO - Added listing: 48869229
2022-01-16 13:29:24,246 - INFO - Added listing: 5769127
2022-01-16 13:29:24,336 - INFO - Added listing: 46237380
2022-01-16 13:29:24,456 - INFO - Added listing: 48015810
2022-01-16 13:29:24,595 - INFO - Added listing: 50175808
2022-01-16 13:29:24,689 - INFO - Added listing: 3506058
2022-01-16 13:29:24,771 - INFO - Added listing: 26778714
2022-01-16 13:29:24,831 - INFO - 54278398 has no rating
2022-01-16 13:29:24,831 - INFO - Added listing: 54278398
2022-01-16 13:29:24,924 - INFO - Added listing: 48000570
2022-01-16 13:29:25,012 - INFO - Added listing: 53091351
2022-01-16 13:29:25,101 - INFO - Added listing: 7832890
2022-01-16 13:29:25,192 - INFO - Added listing: 48027607
2022-01-16 13:29:25,283 - INFO - Added listing: 30505051
2022-01-16 13:29:25,283 - INFO - Total listings found: 160, Listings added: 160
2022-01-16 13:29:30,807 - INFO - Added listing: 46876239
2022-01-16 13:29:30,911 - INFO - Added listing: 20137476
2022-01-16 13:29:30,998 - INFO - Added listing: 28033271
2022-01-16 13:29:31,078 - INFO - Added listing: 51694231
2022-01-16 13:29:31,166 - INFO - Added listing: 197972
2022-01-16 13:29:31,246 - INFO - Added listing: 48000343
2022-01-16 13:29:31,326 - INFO - Added listing: 27158560
2022-01-16 13:29:31,406 - INFO - Added listing: 24845439
2022-01-16 13:29:31,493 - INFO - Added listing: 7476340
2022-01-16 13:29:31,574 - INFO - Added listing: 48980471
2022-01-16 13:29:31,655 - INFO - Added listing: 48394518
2022-01-16 13:29:31,736 - INFO - Added listing: 23524596
2022-01-16 13:29:31,819 - INFO - Added listing: 47441090
2022-01-16 13:29:31,900 - INFO - Added listing: 36766327
2022-01-16 13:29:31,981 - INFO - Added listing: 53719658
2022-01-16 13:29:32,062 - INFO - Added listing: 14770892
2022-01-16 13:29:32,147 - INFO - Added listing: 48731143
2022-01-16 13:29:32,229 - INFO - Added listing: 35185474
2022-01-16 13:29:32,310 - INFO - Added listing: 29664067
2022-01-16 13:29:32,410 - INFO - Added listing: 51747209
2022-01-16 13:29:32,411 - INFO - Total listings found: 180, Listings added: 180
2022-01-16 13:29:37,958 - INFO - Added listing: 48602602
2022-01-16 13:29:38,038 - INFO - Added listing: 27203329
2022-01-16 13:29:38,123 - INFO - Added listing: 52107205
2022-01-16 13:29:38,206 - INFO - Added listing: 23252361
2022-01-16 13:29:38,287 - INFO - Added listing: 45543382
2022-01-16 13:29:38,367 - INFO - Added listing: 40613042
2022-01-16 13:29:38,453 - INFO - Added listing: 18756360
2022-01-16 13:29:38,508 - INFO - 53774907 has no rating
2022-01-16 13:29:38,508 - INFO - Added listing: 53774907
2022-01-16 13:29:38,589 - INFO - Added listing: 5048406
2022-01-16 13:29:38,673 - INFO - Added listing: 7916575
2022-01-16 13:29:38,757 - INFO - Added listing: 25328440
2022-01-16 13:29:38,838 - INFO - Added listing: 48016221
2022-01-16 13:29:38,919 - INFO - Added listing: 23563670
2022-01-16 13:29:39,014 - INFO - Added listing: 49749352
2022-01-16 13:29:39,104 - INFO - Added listing: 48399405
2022-01-16 13:29:39,194 - INFO - Added listing: 4580825
2022-01-16 13:29:39,290 - INFO - Added listing: 32055447
2022-01-16 13:29:39,373 - INFO - Added listing: 51176342
2022-01-16 13:29:39,458 - INFO - Added listing: 6879036
2022-01-16 13:29:39,542 - INFO - Added listing: 3247833
2022-01-16 13:29:39,542 - INFO - Total listings found: 200, Listings added: 200
2022-01-16 13:29:45,062 - INFO - Added listing: 3344322
2022-01-16 13:29:45,143 - INFO - Added listing: 6780077
2022-01-16 13:29:45,225 - INFO - Added listing: 53527110
2022-01-16 13:29:45,308 - INFO - Added listing: 13147180
2022-01-16 13:29:45,396 - INFO - Added listing: 39045406
2022-01-16 13:29:45,479 - INFO - Added listing: 48678923
2022-01-16 13:29:45,562 - INFO - Added listing: 47408174
2022-01-16 13:29:45,644 - INFO - Added listing: 47384387
2022-01-16 13:29:45,736 - INFO - Added listing: 29343335
2022-01-16 13:29:45,818 - INFO - Added listing: 42355564
2022-01-16 13:29:45,878 - INFO - 53125115 has no rating
2022-01-16 13:29:45,878 - INFO - Added listing: 53125115
2022-01-16 13:29:45,970 - INFO - Added listing: 22306805
2022-01-16 13:29:46,061 - INFO - Added listing: 47384885
2022-01-16 13:29:46,147 - INFO - Added listing: 33325791
2022-01-16 13:29:46,204 - INFO - 42065558 has no rating
2022-01-16 13:29:46,204 - INFO - Added listing: 42065558
2022-01-16 13:29:46,286 - INFO - Added listing: 25326962
2022-01-16 13:29:46,374 - INFO - Added listing: 42894122
2022-01-16 13:29:46,464 - INFO - Added listing: 47374978
2022-01-16 13:29:46,547 - INFO - Added listing: 49446125
2022-01-16 13:29:46,630 - INFO - Added listing: 6759004
2022-01-16 13:29:46,630 - INFO - Total listings found: 220, Listings added: 220
2022-01-16 13:29:52,124 - INFO - Added listing: 43715032
2022-01-16 13:29:52,205 - INFO - Added listing: 377474
2022-01-16 13:29:52,288 - INFO - Added listing: 24633212
2022-01-16 13:29:52,378 - INFO - Added listing: 49513112
2022-01-16 13:29:52,463 - INFO - Added listing: 27017697
2022-01-16 13:29:52,546 - INFO - Added listing: 48809197
2022-01-16 13:29:52,627 - INFO - Added listing: 47374576
2022-01-16 13:29:52,715 - INFO - Added listing: 19484144
2022-01-16 13:29:52,801 - INFO - Added listing: 46983650
2022-01-16 13:29:52,884 - INFO - Added listing: 15147053
2022-01-16 13:29:52,967 - INFO - Added listing: 45502178
2022-01-16 13:29:53,053 - INFO - Added listing: 53146859
2022-01-16 13:29:53,139 - INFO - Added listing: 45180836
2022-01-16 13:29:53,229 - INFO - Added listing: 53061813
2022-01-16 13:29:53,324 - INFO - Added listing: 1644031
2022-01-16 13:29:53,419 - INFO - Added listing: 51557278
2022-01-16 13:29:53,518 - INFO - Added listing: 47907306
2022-01-16 13:29:53,607 - INFO - Added listing: 47907508
2022-01-16 13:29:53,693 - INFO - Added listing: 51186336
2022-01-16 13:29:53,778 - INFO - Added listing: 18070939
2022-01-16 13:29:53,779 - INFO - Total listings found: 240, Listings added: 240
2022-01-16 13:29:59,270 - INFO - Added listing: 39598660
2022-01-16 13:29:59,370 - INFO - Added listing: 51555199
2022-01-16 13:29:59,476 - INFO - Added listing: 48802286
2022-01-16 13:29:59,567 - INFO - Added listing: 53775865
2022-01-16 13:29:59,656 - INFO - Added listing: 40327298
2022-01-16 13:29:59,748 - INFO - Added listing: 23487192
2022-01-16 13:29:59,843 - INFO - Added listing: 49194329
2022-01-16 13:29:59,951 - INFO - Added listing: 30523091
2022-01-16 13:30:00,041 - INFO - Added listing: 29982429
2022-01-16 13:30:00,102 - INFO - 52113324 has no rating
2022-01-16 13:30:00,102 - INFO - Added listing: 52113324
2022-01-16 13:30:00,185 - INFO - Added listing: 2000797
2022-01-16 13:30:00,269 - INFO - Added listing: 50247613
2022-01-16 13:30:00,352 - INFO - Added listing: 15423085
2022-01-16 13:30:00,439 - INFO - Added listing: 8734707
2022-01-16 13:30:00,524 - INFO - Added listing: 40594409
2022-01-16 13:30:00,611 - INFO - Added listing: 210097
2022-01-16 13:30:00,703 - INFO - Added listing: 48940511
2022-01-16 13:30:00,798 - INFO - Added listing: 47355090
2022-01-16 13:30:00,886 - INFO - Added listing: 45676233
2022-01-16 13:30:00,969 - INFO - Added listing: 14057466
2022-01-16 13:30:00,969 - INFO - Total listings found: 260, Listings added: 260
2022-01-16 13:30:06,467 - INFO - Added listing: 50193759
2022-01-16 13:30:06,554 - INFO - Added listing: 47373862
2022-01-16 13:30:06,639 - INFO - Added listing: 52113003
2022-01-16 13:30:06,728 - INFO - Added listing: 7474855
2022-01-16 13:30:06,811 - INFO - Added listing: 52468920
2022-01-16 13:30:06,895 - INFO - Added listing: 447826
2022-01-16 13:30:06,978 - INFO - Added listing: 27168524
2022-01-16 13:30:07,064 - INFO - Added listing: 7474044
2022-01-16 13:30:07,155 - INFO - Added listing: 14873100
2022-01-16 13:30:07,238 - INFO - Added listing: 49171647
2022-01-16 13:30:07,322 - INFO - Added listing: 47407295
2022-01-16 13:30:07,405 - INFO - Added listing: 47384475
2022-01-16 13:30:07,495 - INFO - Added listing: 51979510
2022-01-16 13:30:07,580 - INFO - Added listing: 46966358
2022-01-16 13:30:07,667 - INFO - Added listing: 33017230
2022-01-16 13:30:07,751 - INFO - Added listing: 49364638
2022-01-16 13:30:07,839 - INFO - Added listing: 7475573
2022-01-16 13:30:07,924 - INFO - Added listing: 257588
2022-01-16 13:30:08,007 - INFO - Added listing: 43899519
2022-01-16 13:30:08,091 - INFO - Added listing: 15256830
2022-01-16 13:30:08,091 - INFO - Total listings found: 280, Listings added: 280
2022-01-16 13:30:13,585 - INFO - Added listing: 53125815
2022-01-16 13:30:13,669 - INFO - Added listing: 47183492
2022-01-16 13:30:13,762 - INFO - Added listing: 11799953
2022-01-16 13:30:13,820 - INFO - 52637370 has no rating
2022-01-16 13:30:13,820 - INFO - Added listing: 52637370
2022-01-16 13:30:13,904 - INFO - Added listing: 48131435
2022-01-16 13:30:13,988 - INFO - Added listing: 6851459
2022-01-16 13:30:14,072 - INFO - Added listing: 7514336
2022-01-16 13:30:14,161 - INFO - Added listing: 49516205
2022-01-16 13:30:14,248 - INFO - Added listing: 4736800
2022-01-16 13:30:14,334 - INFO - Added listing: 48601985
2022-01-16 13:30:14,420 - INFO - Added listing: 50262708
2022-01-16 13:30:14,510 - INFO - Added listing: 18899037
2022-01-16 13:30:14,597 - INFO - Added listing: 47426948
2022-01-16 13:30:14,682 - INFO - Added listing: 51434034
2022-01-16 13:30:14,770 - INFO - Added listing: 8227206
2022-01-16 13:30:14,872 - INFO - Added listing: 36775500
2022-01-16 13:30:14,965 - INFO - Added listing: 32835031
2022-01-16 13:30:15,051 - INFO - Added listing: 7531700
2022-01-16 13:30:15,138 - INFO - Added listing: 18777049
2022-01-16 13:30:15,316 - INFO - Added listing: 48602234
2022-01-16 13:30:15,316 - INFO - Total listings found: 300, Listings added: 300
2022-01-16 13:30:15,368 - INFO - Diving further 42.37247755007246,-71.012691,42.290420,-71.113040
2022-01-16 13:30:17,993 - INFO - ----------42.37247755007246,-71.012691,42.33144877503623,-71.0628655 starting search.
2022-01-16 13:30:30,824 - INFO - Added listing: 10132073
2022-01-16 13:30:30,952 - INFO - Total listings found: 20, Listings added: 1
2022-01-16 13:30:36,890 - INFO - Added listing: 15018607
2022-01-16 13:30:37,105 - INFO - Added listing: 46231756
2022-01-16 13:30:37,140 - INFO - Total listings found: 40, Listings added: 3
2022-01-16 13:30:42,801 - INFO - Added listing: 39610492
2022-01-16 13:30:42,863 - INFO - 53899025 has no rating
2022-01-16 13:30:42,863 - INFO - Added listing: 53899025
2022-01-16 13:30:42,966 - INFO - Added listing: 48027808
2022-01-16 13:30:43,080 - INFO - Added listing: 32330630
2022-01-16 13:30:43,169 - INFO - Added listing: 46006469
2022-01-16 13:30:43,186 - INFO - Total listings found: 60, Listings added: 8
2022-01-16 13:30:48,645 - INFO - Added listing: 4863108
2022-01-16 13:30:48,750 - INFO - Added listing: 29704910
2022-01-16 13:30:48,891 - INFO - Added listing: 50173631
2022-01-16 13:30:49,058 - INFO - Added listing: 46984210
2022-01-16 13:30:49,200 - INFO - Added listing: 48103622
2022-01-16 13:30:49,285 - INFO - Added listing: 19310183
2022-01-16 13:30:49,382 - INFO - Added listing: 37367776
2022-01-16 13:30:49,399 - INFO - Total listings found: 80, Listings added: 15
2022-01-16 13:30:54,855 - INFO - Added listing: 52753582
2022-01-16 13:30:54,941 - INFO - Added listing: 48001906
2022-01-16 13:30:55,022 - INFO - Added listing: 29366852
2022-01-16 13:30:55,085 - INFO - 53775571 has no rating
2022-01-16 13:30:55,085 - INFO - Added listing: 53775571
2022-01-16 13:30:55,223 - INFO - Added listing: 48601192
2022-01-16 13:30:55,310 - INFO - Added listing: 51747972
2022-01-16 13:30:55,398 - INFO - Added listing: 47374701
2022-01-16 13:30:55,474 - INFO - Added listing: 53186940
2022-01-16 13:30:55,556 - INFO - Added listing: 33196944
2022-01-16 13:30:55,633 - INFO - Added listing: 5781926
2022-01-16 13:30:55,730 - INFO - Added listing: 46982433
2022-01-16 13:30:55,807 - INFO - Added listing: 48248044
2022-01-16 13:30:55,883 - INFO - Added listing: 48092931
2022-01-16 13:30:55,959 - INFO - Added listing: 47374298
2022-01-16 13:30:56,015 - INFO - 52753334 has no rating
2022-01-16 13:30:56,016 - INFO - Added listing: 52753334
2022-01-16 13:30:56,091 - INFO - Added listing: 14204600
2022-01-16 13:30:56,176 - INFO - Added listing: 51285083
2022-01-16 13:30:56,176 - INFO - Total listings found: 100, Listings added: 32
2022-01-16 13:31:01,651 - INFO - Added listing: 36269353
2022-01-16 13:31:01,727 - INFO - Added listing: 46984660
2022-01-16 13:31:01,821 - INFO - Added listing: 46991477
2022-01-16 13:31:01,912 - INFO - Added listing: 46005070
2022-01-16 13:31:02,005 - INFO - Added listing: 47384208
2022-01-16 13:31:02,081 - INFO - Added listing: 45493742
2022-01-16 13:31:02,157 - INFO - Added listing: 49342715
2022-01-16 13:31:02,237 - INFO - Added listing: 35988307
2022-01-16 13:31:02,314 - INFO - Added listing: 5782221
2022-01-16 13:31:02,399 - INFO - Added listing: 47487652
2022-01-16 13:31:02,476 - INFO - Added listing: 20417844
2022-01-16 13:31:02,557 - INFO - Added listing: 53194938
2022-01-16 13:31:02,633 - INFO - Added listing: 46982246
2022-01-16 13:31:02,709 - INFO - Added listing: 48285608
2022-01-16 13:31:02,786 - INFO - Added listing: 47384597
2022-01-16 13:31:02,866 - INFO - Added listing: 14035943
2022-01-16 13:31:02,943 - INFO - Added listing: 9834727
2022-01-16 13:31:03,024 - INFO - Added listing: 5019306
2022-01-16 13:31:03,024 - INFO - Total listings found: 120, Listings added: 50
2022-01-16 13:31:08,501 - INFO - Added listing: 48297633
2022-01-16 13:31:08,579 - INFO - Added listing: 48080487
2022-01-16 13:31:08,656 - INFO - Added listing: 51323969
2022-01-16 13:31:08,737 - INFO - Added listing: 47183297
2022-01-16 13:31:08,792 - INFO - 53708329 has no rating
2022-01-16 13:31:08,792 - INFO - Added listing: 53708329
2022-01-16 13:31:08,877 - INFO - Added listing: 52065756
2022-01-16 13:31:08,954 - INFO - Added listing: 45493951
2022-01-16 13:31:09,031 - INFO - Added listing: 48805748
2022-01-16 13:31:09,112 - INFO - Added listing: 47407478
2022-01-16 13:31:09,192 - INFO - Added listing: 46982800
2022-01-16 13:31:09,270 - INFO - Added listing: 50171555
2022-01-16 13:31:09,347 - INFO - Added listing: 32330134
2022-01-16 13:31:09,428 - INFO - Added listing: 4573238
2022-01-16 13:31:09,486 - INFO - 43176358 has no rating
2022-01-16 13:31:09,486 - INFO - Added listing: 43176358
2022-01-16 13:31:09,564 - INFO - Added listing: 45440353
2022-01-16 13:31:09,643 - INFO - Added listing: 17559846
2022-01-16 13:31:09,936 - INFO - Added listing: 52615817
2022-01-16 13:31:10,027 - INFO - 53263029 has no rating
2022-01-16 13:31:10,027 - INFO - Added listing: 53263029
2022-01-16 13:31:10,103 - INFO - Added listing: 48103833
2022-01-16 13:31:10,179 - INFO - Added listing: 48080614
2022-01-16 13:31:10,179 - INFO - Total listings found: 140, Listings added: 70
2022-01-16 13:31:15,660 - INFO - Added listing: 7611271
2022-01-16 13:31:15,714 - INFO - 53546785 has no rating
2022-01-16 13:31:15,714 - INFO - Added listing: 53546785
2022-01-16 13:31:15,790 - INFO - Added listing: 51446014
2022-01-16 13:31:15,868 - INFO - Added listing: 19081087
2022-01-16 13:31:15,928 - INFO - 51634893 has no rating
2022-01-16 13:31:15,928 - INFO - Added listing: 51634893
2022-01-16 13:31:16,005 - INFO - Added listing: 50085332
2022-01-16 13:31:16,118 - INFO - Added listing: 50031855
2022-01-16 13:31:16,197 - INFO - Added listing: 48807191
2022-01-16 13:31:16,279 - INFO - Added listing: 46983441
2022-01-16 13:31:16,361 - INFO - Added listing: 45543316
2022-01-16 13:31:16,438 - INFO - Added listing: 48805065
2022-01-16 13:31:16,517 - INFO - Added listing: 48231284
2022-01-16 13:31:16,600 - INFO - Added listing: 17806747
2022-01-16 13:31:16,684 - INFO - Added listing: 38127199
2022-01-16 13:31:16,761 - INFO - Added listing: 40971193
2022-01-16 13:31:16,838 - INFO - Added listing: 17832598
2022-01-16 13:31:16,920 - INFO - Added listing: 50032574
2022-01-16 13:31:16,998 - INFO - Added listing: 48110114
2022-01-16 13:31:17,075 - INFO - Added listing: 51146836
2022-01-16 13:31:17,152 - INFO - Added listing: 33530646
2022-01-16 13:31:17,152 - INFO - Total listings found: 160, Listings added: 90
2022-01-16 13:31:22,616 - INFO - Added listing: 17559756
2022-01-16 13:31:22,707 - INFO - Added listing: 37145151
2022-01-16 13:31:22,792 - INFO - Added listing: 48246976
2022-01-16 13:31:22,877 - INFO - Added listing: 32012250
2022-01-16 13:31:22,932 - INFO - 53787160 has no rating
2022-01-16 13:31:22,932 - INFO - Added listing: 53787160
2022-01-16 13:31:23,009 - INFO - Added listing: 28912741
2022-01-16 13:31:23,087 - INFO - Added listing: 39999591
2022-01-16 13:31:23,186 - INFO - Added listing: 48206409
2022-01-16 13:31:23,276 - INFO - Added listing: 45539554
2022-01-16 13:31:23,368 - INFO - Added listing: 46964831
2022-01-16 13:31:23,466 - INFO - Added listing: 6317722
2022-01-16 13:31:23,576 - INFO - Added listing: 46005073
2022-01-16 13:31:23,657 - INFO - Added listing: 21771037
2022-01-16 13:31:23,738 - INFO - Added listing: 36108417
2022-01-16 13:31:23,816 - INFO - Added listing: 53148483
2022-01-16 13:31:23,871 - INFO - 49306861 has no rating
2022-01-16 13:31:23,871 - INFO - Added listing: 49306861
2022-01-16 13:31:23,951 - INFO - Added listing: 41615014
2022-01-16 13:31:24,006 - INFO - 53364682 has no rating
2022-01-16 13:31:24,006 - INFO - Added listing: 53364682
2022-01-16 13:31:24,083 - INFO - Added listing: 45651449
2022-01-16 13:31:24,153 - INFO - 52346717 has no rating
2022-01-16 13:31:24,153 - INFO - Added listing: 52346717
2022-01-16 13:31:24,154 - INFO - Total listings found: 180, Listings added: 110
2022-01-16 13:31:29,671 - INFO - Added listing: 17559493
2022-01-16 13:31:29,726 - INFO - 51450511 has no rating
2022-01-16 13:31:29,727 - INFO - Added listing: 51450511
2022-01-16 13:31:29,807 - INFO - Added listing: 3325306
2022-01-16 13:31:29,864 - INFO - 44136170 has no rating
2022-01-16 13:31:29,864 - INFO - Added listing: 44136170
2022-01-16 13:31:29,959 - INFO - Added listing: 48739565
2022-01-16 13:31:30,022 - INFO - 53115783 has no rating
2022-01-16 13:31:30,022 - INFO - Added listing: 53115783
2022-01-16 13:31:30,111 - INFO - Added listing: 51326083
2022-01-16 13:31:30,191 - INFO - Added listing: 820073
2022-01-16 13:31:30,245 - INFO - 53306288 has no rating
2022-01-16 13:31:30,245 - INFO - Added listing: 53306288
2022-01-16 13:31:30,326 - INFO - Added listing: 45675549
2022-01-16 13:31:30,408 - INFO - Added listing: 45542821
2022-01-16 13:31:30,487 - INFO - Added listing: 46006191
2022-01-16 13:31:30,565 - INFO - Added listing: 45501951
2022-01-16 13:31:30,620 - INFO - 51446035 has no rating
2022-01-16 13:31:30,621 - INFO - Added listing: 51446035
2022-01-16 13:31:30,702 - INFO - Added listing: 28440873
2022-01-16 13:31:30,782 - INFO - Added listing: 32330038
2022-01-16 13:31:30,862 - INFO - Added listing: 36179054
2022-01-16 13:31:30,941 - INFO - Added listing: 41611361
2022-01-16 13:31:30,999 - INFO - 51760013 has no rating
2022-01-16 13:31:30,999 - INFO - Added listing: 51760013
2022-01-16 13:31:31,054 - INFO - 53787344 has no rating
2022-01-16 13:31:31,054 - INFO - Added listing: 53787344
2022-01-16 13:31:31,054 - INFO - Total listings found: 200, Listings added: 130
2022-01-16 13:31:36,482 - INFO - 50051655 has no rating
2022-01-16 13:31:36,482 - INFO - Added listing: 50051655
2022-01-16 13:31:36,544 - INFO - 43566910 has no rating
2022-01-16 13:31:36,544 - INFO - Added listing: 43566910
2022-01-16 13:31:36,634 - INFO - 38163886 has no rating
2022-01-16 13:31:36,634 - INFO - Added listing: 38163886
2022-01-16 13:31:36,707 - INFO - 7453991 has no rating
2022-01-16 13:31:36,707 - INFO - Added listing: 7453991
2022-01-16 13:31:36,802 - INFO - Added listing: 47867613
2022-01-16 13:31:36,866 - INFO - 54228929 has no rating
2022-01-16 13:31:36,866 - INFO - Added listing: 54228929
2022-01-16 13:31:36,958 - INFO - Added listing: 6609546
2022-01-16 13:31:37,022 - INFO - 44135642 has no rating
2022-01-16 13:31:37,022 - INFO - Added listing: 44135642
2022-01-16 13:31:37,084 - INFO - 50084542 has no rating
2022-01-16 13:31:37,084 - INFO - Added listing: 50084542
2022-01-16 13:31:37,179 - INFO - Added listing: 45253366
2022-01-16 13:31:37,260 - INFO - Added listing: 46965461
2022-01-16 13:31:37,344 - INFO - Added listing: 45494260
2022-01-16 13:31:37,435 - INFO - Added listing: 51326698
2022-01-16 13:31:37,531 - INFO - Added listing: 51325151
2022-01-16 13:31:37,613 - INFO - Added listing: 48023816
2022-01-16 13:31:37,696 - INFO - Added listing: 49123007
2022-01-16 13:31:37,753 - INFO - 38164617 has no rating
2022-01-16 13:31:37,753 - INFO - Added listing: 38164617
2022-01-16 13:31:37,815 - INFO - 53772093 has no rating
2022-01-16 13:31:37,815 - INFO - Added listing: 53772093
2022-01-16 13:31:37,877 - INFO - 23393589 has no rating
2022-01-16 13:31:37,877 - INFO - Added listing: 23393589
2022-01-16 13:31:37,964 - INFO - Added listing: 43921609
2022-01-16 13:31:37,965 - INFO - Total listings found: 220, Listings added: 150
2022-01-16 13:31:43,488 - INFO - 45699854 has no rating
2022-01-16 13:31:43,488 - INFO - Added listing: 45699854
2022-01-16 13:31:43,574 - INFO - Added listing: 14186170
2022-01-16 13:31:43,655 - INFO - Added listing: 32330465
2022-01-16 13:31:43,736 - INFO - Added listing: 51324993
2022-01-16 13:31:43,817 - INFO - Added listing: 42708634
2022-01-16 13:31:43,902 - INFO - Added listing: 49777390
2022-01-16 13:31:43,987 - INFO - Added listing: 48231177
2022-01-16 13:31:44,069 - INFO - Added listing: 14950089
2022-01-16 13:31:44,151 - INFO - Added listing: 8271384
2022-01-16 13:31:44,238 - INFO - Added listing: 51464398
2022-01-16 13:31:44,294 - INFO - 28298193 has no rating
2022-01-16 13:31:44,294 - INFO - Added listing: 28298193
2022-01-16 13:31:44,375 - INFO - Added listing: 51326884
2022-01-16 13:31:44,455 - INFO - Added listing: 21369962
2022-01-16 13:31:44,542 - INFO - Added listing: 45828592
2022-01-16 13:31:44,622 - INFO - Added listing: 51325565
2022-01-16 13:31:44,704 - INFO - Added listing: 52617214
2022-01-16 13:31:44,760 - INFO - 53588588 has no rating
2022-01-16 13:31:44,760 - INFO - Added listing: 53588588
2022-01-16 13:31:44,845 - INFO - Added listing: 20431834
2022-01-16 13:31:44,933 - INFO - Added listing: 47331829
2022-01-16 13:31:45,027 - INFO - Added listing: 19065830
2022-01-16 13:31:45,027 - INFO - Total listings found: 240, Listings added: 170
2022-01-16 13:31:50,462 - INFO - 49771514 has no rating
2022-01-16 13:31:50,463 - INFO - Added listing: 49771514
2022-01-16 13:31:50,518 - INFO - 45689363 has no rating
2022-01-16 13:31:50,519 - INFO - Added listing: 45689363
2022-01-16 13:31:50,580 - INFO - 49610778 has no rating
2022-01-16 13:31:50,581 - INFO - Added listing: 49610778
2022-01-16 13:31:50,661 - INFO - Added listing: 51173009
2022-01-16 13:31:50,741 - INFO - Added listing: 51324375
2022-01-16 13:31:50,821 - INFO - Added listing: 51323643
2022-01-16 13:31:50,919 - INFO - Added listing: 48423808
2022-01-16 13:31:51,008 - INFO - Added listing: 51450613
2022-01-16 13:31:51,094 - INFO - Added listing: 47492421
2022-01-16 13:31:51,183 - INFO - Added listing: 51325913
2022-01-16 13:31:51,269 - INFO - Added listing: 41932749
2022-01-16 13:31:51,351 - INFO - Added listing: 12269155
2022-01-16 13:31:51,433 - INFO - Added listing: 51324605
2022-01-16 13:31:51,488 - INFO - 51323097 has no rating
2022-01-16 13:31:51,489 - INFO - Added listing: 51323097
2022-01-16 13:31:51,545 - INFO - 53741308 has no rating
2022-01-16 13:31:51,546 - INFO - Added listing: 53741308
2022-01-16 13:31:51,637 - INFO - Added listing: 2021489
2022-01-16 13:31:51,696 - INFO - 50084140 has no rating
2022-01-16 13:31:51,696 - INFO - Added listing: 50084140
2022-01-16 13:31:51,770 - INFO - 47216060 has no rating
2022-01-16 13:31:51,770 - INFO - Added listing: 47216060
2022-01-16 13:31:51,831 - INFO - 44356157 has no rating
2022-01-16 13:31:51,831 - INFO - Added listing: 44356157
2022-01-16 13:31:51,891 - INFO - 51326337 has no rating
2022-01-16 13:31:51,892 - INFO - Added listing: 51326337
2022-01-16 13:31:51,892 - INFO - Total listings found: 260, Listings added: 190
2022-01-16 13:31:57,365 - INFO - 51619254 has no rating
2022-01-16 13:31:57,365 - INFO - Added listing: 51619254
2022-01-16 13:31:57,447 - INFO - Added listing: 32826985
2022-01-16 13:31:57,528 - INFO - Added listing: 47987715
2022-01-16 13:31:57,585 - INFO - 43137799 has no rating
2022-01-16 13:31:57,585 - INFO - Added listing: 43137799
2022-01-16 13:31:57,646 - INFO - 51760247 has no rating
2022-01-16 13:31:57,647 - INFO - Added listing: 51760247
2022-01-16 13:31:57,728 - INFO - Added listing: 51307010
2022-01-16 13:31:57,786 - INFO - 43957080 has no rating
2022-01-16 13:31:57,786 - INFO - Added listing: 43957080
2022-01-16 13:31:57,843 - INFO - 51323001 has no rating
2022-01-16 13:31:57,843 - INFO - Added listing: 51323001
2022-01-16 13:31:57,900 - INFO - 52381144 has no rating
2022-01-16 13:31:57,900 - INFO - Added listing: 52381144
2022-01-16 13:31:57,958 - INFO - 50084994 has no rating
2022-01-16 13:31:57,958 - INFO - Added listing: 50084994
2022-01-16 13:31:58,021 - INFO - 37068313 has no rating
2022-01-16 13:31:58,021 - INFO - Added listing: 37068313
2022-01-16 13:31:58,108 - INFO - Added listing: 220676
2022-01-16 13:31:58,193 - INFO - Added listing: 51324792
2022-01-16 13:31:58,274 - INFO - Added listing: 11924459
2022-01-16 13:31:58,359 - INFO - Added listing: 19584489
2022-01-16 13:31:58,440 - INFO - Added listing: 51325689
2022-01-16 13:31:58,522 - INFO - Added listing: 6741968
2022-01-16 13:31:58,605 - INFO - Added listing: 19081593
2022-01-16 13:31:58,689 - INFO - Added listing: 32331200
2022-01-16 13:31:58,771 - INFO - Added listing: 40375320
2022-01-16 13:31:58,771 - INFO - Total listings found: 280, Listings added: 210
2022-01-16 13:32:04,209 - INFO - Added listing: 38148436
2022-01-16 13:32:04,291 - INFO - Added listing: 47408663
2022-01-16 13:32:04,378 - INFO - Added listing: 2658094
2022-01-16 13:32:04,459 - INFO - Added listing: 3781
2022-01-16 13:32:04,516 - INFO - 45139950 has no rating
2022-01-16 13:32:04,516 - INFO - Added listing: 45139950
2022-01-16 13:32:04,573 - INFO - 51322742 has no rating
2022-01-16 13:32:04,573 - INFO - Added listing: 51322742
2022-01-16 13:32:04,655 - INFO - Added listing: 27669626
2022-01-16 13:32:04,741 - INFO - Added listing: 52615785
2022-01-16 13:32:04,823 - INFO - Added listing: 51324165
2022-01-16 13:32:04,910 - INFO - Added listing: 12898177
2022-01-16 13:32:04,967 - INFO - 53772114 has no rating
2022-01-16 13:32:04,967 - INFO - Added listing: 53772114
2022-01-16 13:32:05,052 - INFO - Added listing: 45699883
2022-01-16 13:32:05,109 - INFO - 51759723 has no rating
2022-01-16 13:32:05,109 - INFO - Added listing: 51759723
2022-01-16 13:32:05,192 - INFO - Added listing: 24277032
2022-01-16 13:32:05,251 - INFO - 52384493 has no rating
2022-01-16 13:32:05,252 - INFO - Added listing: 52384493
2022-01-16 13:32:05,310 - INFO - 52928460 has no rating
2022-01-16 13:32:05,310 - INFO - Added listing: 52928460
2022-01-16 13:32:05,370 - INFO - 53185790 has no rating
2022-01-16 13:32:05,370 - INFO - Added listing: 53185790
2022-01-16 13:32:05,427 - INFO - 51285282 has no rating
2022-01-16 13:32:05,427 - INFO - Added listing: 51285282
2022-01-16 13:32:05,484 - INFO - 43913326 has no rating
2022-01-16 13:32:05,484 - INFO - Added listing: 43913326
2022-01-16 13:32:05,541 - INFO - 39461138 has no rating
2022-01-16 13:32:05,541 - INFO - Added listing: 39461138
2022-01-16 13:32:05,541 - INFO - Total listings found: 300, Listings added: 230
2022-01-16 13:32:05,558 - INFO - Diving further 42.37247755007246,-71.012691,42.33144877503623,-71.0628655
2022-01-16 13:32:08,751 - INFO - ----------42.37247755007246,-71.012691,42.35196316255434,-71.03777825 starting search.
2022-01-16 13:32:18,863 - INFO - 35693019 has no rating
2022-01-16 13:32:18,863 - INFO - Added listing: 35693019
2022-01-16 13:32:18,942 - INFO - 50444434 has no rating
2022-01-16 13:32:18,942 - INFO - Added listing: 50444434
2022-01-16 13:32:18,944 - INFO - Total listings found: 18, Listings added: 2
2022-01-16 13:32:18,960 - INFO - No paginmation exists
2022-01-16 13:32:18,961 - INFO - Diving further 42.37247755007246,-71.012691,42.35196316255434,-71.03777825
2022-01-16 13:32:22,371 - INFO - ----------42.37247755007246,-71.012691,42.3622203563134,-71.025234625 starting search.
2022-01-16 13:32:32,533 - INFO - Added listing: 50197218
2022-01-16 13:32:32,674 - INFO - Added listing: 35027638
2022-01-16 13:32:32,788 - INFO - Added listing: 49131355
2022-01-16 13:32:32,932 - INFO - Added listing: 48748471
2022-01-16 13:32:33,104 - INFO - Added listing: 49091875
2022-01-16 13:32:33,104 - INFO - Total listings found: 11, Listings added: 5
2022-01-16 13:32:33,124 - INFO - No paginmation exists
2022-01-16 13:32:33,125 - INFO - Diving further 42.37247755007246,-71.012691,42.3622203563134,-71.025234625
2022-01-16 13:32:36,328 - INFO - ----------42.37247755007246,-71.012691,42.36734895319293,-71.0189628125 starting search.
2022-01-16 13:32:45,911 - INFO - Added listing: 48300619
2022-01-16 13:32:46,023 - INFO - Added listing: 23948295
2022-01-16 13:32:46,089 - INFO - 53542438 has no rating
2022-01-16 13:32:46,090 - INFO - Added listing: 53542438
2022-01-16 13:32:46,231 - INFO - Added listing: 22291813
2022-01-16 13:32:46,236 - INFO - Total listings found: 6, Listings added: 4
2022-01-16 13:32:46,256 - INFO - No paginmation exists
2022-01-16 13:32:46,256 - INFO - Diving further 42.37247755007246,-71.012691,42.36734895319293,-71.0189628125
2022-01-16 13:32:49,318 - INFO - ----------42.37247755007246,-71.012691,42.369913251632696,-71.01582690625 starting search.
2022-01-16 13:32:59,414 - INFO - Added listing: 19727919
2022-01-16 13:32:59,526 - INFO - Added listing: 26828892
2022-01-16 13:32:59,622 - INFO - Added listing: 24944930
2022-01-16 13:32:59,741 - INFO - Added listing: 51072005
2022-01-16 13:32:59,834 - INFO - 54246287 has no rating
2022-01-16 13:32:59,834 - INFO - Added listing: 54246287
2022-01-16 13:32:59,921 - INFO - Added listing: 48300372
2022-01-16 13:33:00,033 - INFO - Added listing: 20479416
2022-01-16 13:33:00,033 - INFO - Total listings found: 10, Listings added: 7
2022-01-16 13:33:00,045 - INFO - No paginmation exists
2022-01-16 13:33:00,045 - INFO - Diving further 42.37247755007246,-71.012691,42.369913251632696,-71.01582690625
2022-01-16 13:33:03,502 - INFO - ----------42.37247755007246,-71.012691,42.37119540085258,-71.014258953125 starting search.
2022-01-16 13:33:13,267 - INFO - Added listing: 29134558
2022-01-16 13:33:13,649 - INFO - 47953387 has no rating
2022-01-16 13:33:13,649 - INFO - Added listing: 47953387
2022-01-16 13:33:13,694 - INFO - Total listings found: 10, Listings added: 2
2022-01-16 13:33:13,712 - INFO - No paginmation exists
2022-01-16 13:33:13,712 - INFO - Diving further 42.37247755007246,-71.012691,42.37119540085258,-71.014258953125
2022-01-16 13:33:17,211 - INFO - ----------42.37247755007246,-71.012691,42.371836475462516,-71.01347497656249 starting search.
2022-01-16 13:33:29,229 - INFO - Added listing: 48300526
2022-01-16 13:33:29,510 - INFO - Added listing: 48788607
2022-01-16 13:33:29,510 - INFO - Total listings found: 10, Listings added: 2
2022-01-16 13:33:29,524 - INFO - No paginmation exists
2022-01-16 13:33:29,524 - INFO - Diving further 42.37247755007246,-71.012691,42.371836475462516,-71.01347497656249
2022-01-16 13:33:32,622 - INFO - ----------42.37247755007246,-71.012691,42.37215701276749,-71.01308298828124 starting search.
